The system clock is currently at Thu Apr  9 09:30:19 2026
Adding file: /eos/cms/store/group/phys_heavyions/hbossi/OOJetSubstructure/DataForests/IonPhysics0/OO_Data_PromptReco_IonPhsyics0/260306_195006/0000/HiForestMiniAOD_112.root
Adding file: /eos/cms/store/group/phys_heavyions/hbossi/OOJetSubstructure/DataForests/IonPhysics0/OO_Data_PromptReco_IonPhsyics0/260306_195006/0000/HiForestMiniAOD_140.root
Adding file: /eos/cms/store/group/phys_heavyions/hbossi/OOJetSubstructure/DataForests/IonPhysics0/OO_Data_PromptReco_IonPhsyics0/260306_195006/0000/HiForestMiniAOD_163.root
Adding file: /eos/cms/store/group/phys_heavyions/hbossi/OOJetSubstructure/DataForests/IonPhysics0/OO_Data_PromptReco_IonPhsyics0/260306_195006/0000/HiForestMiniAOD_185.root
Adding file: /eos/cms/store/group/phys_heavyions/hbossi/OOJetSubstructure/DataForests/IonPhysics0/OO_Data_PromptReco_IonPhsyics0/260306_195006/0000/HiForestMiniAOD_192.root
Adding file: /eos/cms/store/group/phys_heavyions/hbossi/OOJetSubstructure/DataForests/IonPhysics0/OO_Data_PromptReco_IonPhsyics0/260306_195006/0000/HiForestMiniAOD_194.root
Adding file: /eos/cms/store/group/phys_heavyions/hbossi/OOJetSubstructure/DataForests/IonPhysics0/OO_Data_PromptReco_IonPhsyics0/260306_195006/0000/HiForestMiniAOD_197.root
Adding file: /eos/cms/store/group/phys_heavyions/hbossi/OOJetSubstructure/DataForests/IonPhysics0/OO_Data_PromptReco_IonPhsyics0/260306_195006/0000/HiForestMiniAOD_204.root
Adding file: /eos/cms/store/group/phys_heavyions/hbossi/OOJetSubstructure/DataForests/IonPhysics0/OO_Data_PromptReco_IonPhsyics0/260306_195006/0000/HiForestMiniAOD_214.root
Adding file: /eos/cms/store/group/phys_heavyions/hbossi/OOJetSubstructure/DataForests/IonPhysics0/OO_Data_PromptReco_IonPhsyics0/260306_195006/0000/HiForestMiniAOD_222.root
Adding file: /eos/cms/store/group/phys_heavyions/hbossi/OOJetSubstructure/DataForests/IonPhysics0/OO_Data_PromptReco_IonPhsyics0/260306_195006/0000/HiForestMiniAOD_228.root
Adding file: /eos/cms/store/group/phys_heavyions/hbossi/OOJetSubstructure/DataForests/IonPhysics0/OO_Data_PromptReco_IonPhsyics0/260306_195006/0000/HiForestMiniAOD_229.root
Adding file: /eos/cms/store/group/phys_heavyions/hbossi/OOJetSubstructure/DataForests/IonPhysics0/OO_Data_PromptReco_IonPhsyics0/260306_195006/0000/HiForestMiniAOD_231.root
Adding file: /eos/cms/store/group/phys_heavyions/hbossi/OOJetSubstructure/DataForests/IonPhysics0/OO_Data_PromptReco_IonPhsyics0/260306_195006/0000/HiForestMiniAOD_234.root
Adding file: /eos/cms/store/group/phys_heavyions/hbossi/OOJetSubstructure/DataForests/IonPhysics0/OO_Data_PromptReco_IonPhsyics0/260306_195006/0000/HiForestMiniAOD_237.root
Adding file: /eos/cms/store/group/phys_heavyions/hbossi/OOJetSubstructure/DataForests/IonPhysics0/OO_Data_PromptReco_IonPhsyics0/260306_195006/0000/HiForestMiniAOD_238.root
Adding file: /eos/cms/store/group/phys_heavyions/hbossi/OOJetSubstructure/DataForests/IonPhysics0/OO_Data_PromptReco_IonPhsyics0/260306_195006/0000/HiForestMiniAOD_239.root
Adding file: /eos/cms/store/group/phys_heavyions/hbossi/OOJetSubstructure/DataForests/IonPhysics0/OO_Data_PromptReco_IonPhsyics0/260306_195006/0000/HiForestMiniAOD_240.root
Adding file: /eos/cms/store/group/phys_heavyions/hbossi/OOJetSubstructure/DataForests/IonPhysics0/OO_Data_PromptReco_IonPhsyics0/260306_195006/0000/HiForestMiniAOD_241.root
Adding file: /eos/cms/store/group/phys_heavyions/hbossi/OOJetSubstructure/DataForests/IonPhysics0/OO_Data_PromptReco_IonPhsyics0/260306_195006/0000/HiForestMiniAOD_242.root
Adding file: /eos/cms/store/group/phys_heavyions/hbossi/OOJetSubstructure/DataForests/IonPhysics0/OO_Data_PromptReco_IonPhsyics0/260306_195006/0000/HiForestMiniAOD_245.root
Adding file: /eos/cms/store/group/phys_heavyions/hbossi/OOJetSubstructure/DataForests/IonPhysics0/OO_Data_PromptReco_IonPhsyics0/260306_195006/0000/HiForestMiniAOD_248.root
Adding file: /eos/cms/store/group/phys_heavyions/hbossi/OOJetSubstructure/DataForests/IonPhysics0/OO_Data_PromptReco_IonPhsyics0/260306_195006/0000/HiForestMiniAOD_250.root
Adding file: /eos/cms/store/group/phys_heavyions/hbossi/OOJetSubstructure/DataForests/IonPhysics0/OO_Data_PromptReco_IonPhsyics0/260306_195006/0000/HiForestMiniAOD_252.root
Adding file: /eos/cms/store/group/phys_heavyions/hbossi/OOJetSubstructure/DataForests/IonPhysics0/OO_Data_PromptReco_IonPhsyics0/260306_195006/0000/HiForestMiniAOD_256.root
Adding file: /eos/cms/store/group/phys_heavyions/hbossi/OOJetSubstructure/DataForests/IonPhysics0/OO_Data_PromptReco_IonPhsyics0/260306_195006/0000/HiForestMiniAOD_257.root
Adding file: /eos/cms/store/group/phys_heavyions/hbossi/OOJetSubstructure/DataForests/IonPhysics0/OO_Data_PromptReco_IonPhsyics0/260306_195006/0000/HiForestMiniAOD_261.root
Adding file: /eos/cms/store/group/phys_heavyions/hbossi/OOJetSubstructure/DataForests/IonPhysics0/OO_Data_PromptReco_IonPhsyics0/260306_195006/0000/HiForestMiniAOD_263.root
Adding file: /eos/cms/store/group/phys_heavyions/hbossi/OOJetSubstructure/DataForests/IonPhysics0/OO_Data_PromptReco_IonPhsyics0/260306_195006/0000/HiForestMiniAOD_267.root
Adding file: /eos/cms/store/group/phys_heavyions/hbossi/OOJetSubstructure/DataForests/IonPhysics0/OO_Data_PromptReco_IonPhsyics0/260306_195006/0000/HiForestMiniAOD_270.root
Adding file: /eos/cms/store/group/phys_heavyions/hbossi/OOJetSubstructure/DataForests/IonPhysics0/OO_Data_PromptReco_IonPhsyics0/260306_195006/0000/HiForestMiniAOD_272.root
Adding file: /eos/cms/store/group/phys_heavyions/hbossi/OOJetSubstructure/DataForests/IonPhysics0/OO_Data_PromptReco_IonPhsyics0/260306_195006/0000/HiForestMiniAOD_274.root
Adding file: /eos/cms/store/group/phys_heavyions/hbossi/OOJetSubstructure/DataForests/IonPhysics0/OO_Data_PromptReco_IonPhsyics0/260306_195006/0000/HiForestMiniAOD_275.root
Adding file: /eos/cms/store/group/phys_heavyions/hbossi/OOJetSubstructure/DataForests/IonPhysics0/OO_Data_PromptReco_IonPhsyics0/260306_195006/0000/HiForestMiniAOD_276.root
Adding file: /eos/cms/store/group/phys_heavyions/hbossi/OOJetSubstructure/DataForests/IonPhysics0/OO_Data_PromptReco_IonPhsyics0/260306_195006/0000/HiForestMiniAOD_277.root
Adding file: /eos/cms/store/group/phys_heavyions/hbossi/OOJetSubstructure/DataForests/IonPhysics0/OO_Data_PromptReco_IonPhsyics0/260306_195006/0000/HiForestMiniAOD_281.root
Adding file: /eos/cms/store/group/phys_heavyions/hbossi/OOJetSubstructure/DataForests/IonPhysics0/OO_Data_PromptReco_IonPhsyics0/260306_195006/0000/HiForestMiniAOD_282.root
Adding file: /eos/cms/store/group/phys_heavyions/hbossi/OOJetSubstructure/DataForests/IonPhysics0/OO_Data_PromptReco_IonPhsyics0/260306_195006/0000/HiForestMiniAOD_283.root
Adding file: /eos/cms/store/group/phys_heavyions/hbossi/OOJetSubstructure/DataForests/IonPhysics0/OO_Data_PromptReco_IonPhsyics0/260306_195006/0000/HiForestMiniAOD_284.root
Adding file: /eos/cms/store/group/phys_heavyions/hbossi/OOJetSubstructure/DataForests/IonPhysics0/OO_Data_PromptReco_IonPhsyics0/260306_195006/0000/HiForestMiniAOD_286.root
Adding file: /eos/cms/store/group/phys_heavyions/hbossi/OOJetSubstructure/DataForests/IonPhysics0/OO_Data_PromptReco_IonPhsyics0/260306_195006/0000/HiForestMiniAOD_287.root
Adding file: /eos/cms/store/group/phys_heavyions/hbossi/OOJetSubstructure/DataForests/IonPhysics0/OO_Data_PromptReco_IonPhsyics0/260306_195006/0000/HiForestMiniAOD_289.root
Adding file: /eos/cms/store/group/phys_heavyions/hbossi/OOJetSubstructure/DataForests/IonPhysics0/OO_Data_PromptReco_IonPhsyics0/260306_195006/0000/HiForestMiniAOD_294.root
Adding file: /eos/cms/store/group/phys_heavyions/hbossi/OOJetSubstructure/DataForests/IonPhysics0/OO_Data_PromptReco_IonPhsyics0/260306_195006/0000/HiForestMiniAOD_295.root
Adding file: /eos/cms/store/group/phys_heavyions/hbossi/OOJetSubstructure/DataForests/IonPhysics0/OO_Data_PromptReco_IonPhsyics0/260306_195006/0000/HiForestMiniAOD_297.root
Adding file: /eos/cms/store/group/phys_heavyions/hbossi/OOJetSubstructure/DataForests/IonPhysics0/OO_Data_PromptReco_IonPhsyics0/260306_195006/0000/HiForestMiniAOD_299.root
Adding file: /eos/cms/store/group/phys_heavyions/hbossi/OOJetSubstructure/DataForests/IonPhysics0/OO_Data_PromptReco_IonPhsyics0/260306_195006/0000/HiForestMiniAOD_300.root
Adding file: /eos/cms/store/group/phys_heavyions/hbossi/OOJetSubstructure/DataForests/IonPhysics0/OO_Data_PromptReco_IonPhsyics0/260306_195006/0000/HiForestMiniAOD_301.root
Adding file: /eos/cms/store/group/phys_heavyions/hbossi/OOJetSubstructure/DataForests/IonPhysics0/OO_Data_PromptReco_IonPhsyics0/260306_195006/0000/HiForestMiniAOD_302.root
Adding file: /eos/cms/store/group/phys_heavyions/hbossi/OOJetSubstructure/DataForests/IonPhysics0/OO_Data_PromptReco_IonPhsyics0/260306_195006/0000/HiForestMiniAOD_303.root
Adding file: /eos/cms/store/group/phys_heavyions/hbossi/OOJetSubstructure/DataForests/IonPhysics0/OO_Data_PromptReco_IonPhsyics0/260306_195006/0000/HiForestMiniAOD_305.root
Adding file: /eos/cms/store/group/phys_heavyions/hbossi/OOJetSubstructure/DataForests/IonPhysics0/OO_Data_PromptReco_IonPhsyics0/260306_195006/0000/HiForestMiniAOD_308.root
Adding file: /eos/cms/store/group/phys_heavyions/hbossi/OOJetSubstructure/DataForests/IonPhysics0/OO_Data_PromptReco_IonPhsyics0/260306_195006/0000/HiForestMiniAOD_311.root
Adding file: /eos/cms/store/group/phys_heavyions/hbossi/OOJetSubstructure/DataForests/IonPhysics0/OO_Data_PromptReco_IonPhsyics0/260306_195006/0000/HiForestMiniAOD_315.root
Adding file: /eos/cms/store/group/phys_heavyions/hbossi/OOJetSubstructure/DataForests/IonPhysics0/OO_Data_PromptReco_IonPhsyics0/260306_195006/0000/HiForestMiniAOD_318.root
Adding file: /eos/cms/store/group/phys_heavyions/hbossi/OOJetSubstructure/DataForests/IonPhysics0/OO_Data_PromptReco_IonPhsyics0/260306_195006/0000/HiForestMiniAOD_319.root
Adding file: /eos/cms/store/group/phys_heavyions/hbossi/OOJetSubstructure/DataForests/IonPhysics0/OO_Data_PromptReco_IonPhsyics0/260306_195006/0000/HiForestMiniAOD_320.root
Adding file: /eos/cms/store/group/phys_heavyions/hbossi/OOJetSubstructure/DataForests/IonPhysics0/OO_Data_PromptReco_IonPhsyics0/260306_195006/0000/HiForestMiniAOD_321.root
Adding file: /eos/cms/store/group/phys_heavyions/hbossi/OOJetSubstructure/DataForests/IonPhysics0/OO_Data_PromptReco_IonPhsyics0/260306_195006/0000/HiForestMiniAOD_323.root
Adding file: /eos/cms/store/group/phys_heavyions/hbossi/OOJetSubstructure/DataForests/IonPhysics0/OO_Data_PromptReco_IonPhsyics0/260306_195006/0000/HiForestMiniAOD_324.root
Adding file: /eos/cms/store/group/phys_heavyions/hbossi/OOJetSubstructure/DataForests/IonPhysics0/OO_Data_PromptReco_IonPhsyics0/260306_195006/0000/HiForestMiniAOD_327.root
Adding file: /eos/cms/store/group/phys_heavyions/hbossi/OOJetSubstructure/DataForests/IonPhysics0/OO_Data_PromptReco_IonPhsyics0/260306_195006/0000/HiForestMiniAOD_329.root
Adding file: /eos/cms/store/group/phys_heavyions/hbossi/OOJetSubstructure/DataForests/IonPhysics0/OO_Data_PromptReco_IonPhsyics0/260306_195006/0000/HiForestMiniAOD_330.root
Adding file: /eos/cms/store/group/phys_heavyions/hbossi/OOJetSubstructure/DataForests/IonPhysics0/OO_Data_PromptReco_IonPhsyics0/260306_195006/0000/HiForestMiniAOD_331.root
Adding file: /eos/cms/store/group/phys_heavyions/hbossi/OOJetSubstructure/DataForests/IonPhysics0/OO_Data_PromptReco_IonPhsyics0/260306_195006/0000/HiForestMiniAOD_332.root
Adding file: /eos/cms/store/group/phys_heavyions/hbossi/OOJetSubstructure/DataForests/IonPhysics0/OO_Data_PromptReco_IonPhsyics0/260306_195006/0000/HiForestMiniAOD_333.root
Adding file: /eos/cms/store/group/phys_heavyions/hbossi/OOJetSubstructure/DataForests/IonPhysics0/OO_Data_PromptReco_IonPhsyics0/260306_195006/0000/HiForestMiniAOD_335.root
Adding file: /eos/cms/store/group/phys_heavyions/hbossi/OOJetSubstructure/DataForests/IonPhysics0/OO_Data_PromptReco_IonPhsyics0/260306_195006/0000/HiForestMiniAOD_336.root
Adding file: /eos/cms/store/group/phys_heavyions/hbossi/OOJetSubstructure/DataForests/IonPhysics0/OO_Data_PromptReco_IonPhsyics0/260306_195006/0000/HiForestMiniAOD_337.root
Adding file: /eos/cms/store/group/phys_heavyions/hbossi/OOJetSubstructure/DataForests/IonPhysics0/OO_Data_PromptReco_IonPhsyics0/260306_195006/0000/HiForestMiniAOD_338.root
Adding file: /eos/cms/store/group/phys_heavyions/hbossi/OOJetSubstructure/DataForests/IonPhysics0/OO_Data_PromptReco_IonPhsyics0/260306_195006/0000/HiForestMiniAOD_339.root
Adding file: /eos/cms/store/group/phys_heavyions/hbossi/OOJetSubstructure/DataForests/IonPhysics0/OO_Data_PromptReco_IonPhsyics0/260306_195006/0000/HiForestMiniAOD_343.root
Adding file: /eos/cms/store/group/phys_heavyions/hbossi/OOJetSubstructure/DataForests/IonPhysics0/OO_Data_PromptReco_IonPhsyics0/260306_195006/0000/HiForestMiniAOD_344.root
Adding file: /eos/cms/store/group/phys_heavyions/hbossi/OOJetSubstructure/DataForests/IonPhysics0/OO_Data_PromptReco_IonPhsyics0/260306_195006/0000/HiForestMiniAOD_345.root
Adding file: /eos/cms/store/group/phys_heavyions/hbossi/OOJetSubstructure/DataForests/IonPhysics0/OO_Data_PromptReco_IonPhsyics0/260306_195006/0000/HiForestMiniAOD_346.root
Adding file: /eos/cms/store/group/phys_heavyions/hbossi/OOJetSubstructure/DataForests/IonPhysics0/OO_Data_PromptReco_IonPhsyics0/260306_195006/0000/HiForestMiniAOD_348.root
Adding file: /eos/cms/store/group/phys_heavyions/hbossi/OOJetSubstructure/DataForests/IonPhysics0/OO_Data_PromptReco_IonPhsyics0/260306_195006/0000/HiForestMiniAOD_349.root
Adding file: /eos/cms/store/group/phys_heavyions/hbossi/OOJetSubstructure/DataForests/IonPhysics0/OO_Data_PromptReco_IonPhsyics0/260306_195006/0000/HiForestMiniAOD_352.root
Adding file: /eos/cms/store/group/phys_heavyions/hbossi/OOJetSubstructure/DataForests/IonPhysics0/OO_Data_PromptReco_IonPhsyics0/260306_195006/0000/HiForestMiniAOD_354.root
Adding file: /eos/cms/store/group/phys_heavyions/hbossi/OOJetSubstructure/DataForests/IonPhysics0/OO_Data_PromptReco_IonPhsyics0/260306_195006/0000/HiForestMiniAOD_356.root
Adding file: /eos/cms/store/group/phys_heavyions/hbossi/OOJetSubstructure/DataForests/IonPhysics0/OO_Data_PromptReco_IonPhsyics0/260306_195006/0000/HiForestMiniAOD_364.root
Adding file: /eos/cms/store/group/phys_heavyions/hbossi/OOJetSubstructure/DataForests/IonPhysics0/OO_Data_PromptReco_IonPhsyics0/260306_195006/0000/HiForestMiniAOD_368.root
Adding file: /eos/cms/store/group/phys_heavyions/hbossi/OOJetSubstructure/DataForests/IonPhysics0/OO_Data_PromptReco_IonPhsyics0/260306_195006/0000/HiForestMiniAOD_369.root
Adding file: /eos/cms/store/group/phys_heavyions/hbossi/OOJetSubstructure/DataForests/IonPhysics0/OO_Data_PromptReco_IonPhsyics0/260306_195006/0000/HiForestMiniAOD_371.root
Adding file: /eos/cms/store/group/phys_heavyions/hbossi/OOJetSubstructure/DataForests/IonPhysics0/OO_Data_PromptReco_IonPhsyics0/260306_195006/0000/HiForestMiniAOD_372.root
Adding file: /eos/cms/store/group/phys_heavyions/hbossi/OOJetSubstructure/DataForests/IonPhysics0/OO_Data_PromptReco_IonPhsyics0/260306_195006/0000/HiForestMiniAOD_373.root
Adding file: /eos/cms/store/group/phys_heavyions/hbossi/OOJetSubstructure/DataForests/IonPhysics0/OO_Data_PromptReco_IonPhsyics0/260306_195006/0000/HiForestMiniAOD_374.root
Adding file: /eos/cms/store/group/phys_heavyions/hbossi/OOJetSubstructure/DataForests/IonPhysics0/OO_Data_PromptReco_IonPhsyics0/260306_195006/0000/HiForestMiniAOD_376.root
Adding file: /eos/cms/store/group/phys_heavyions/hbossi/OOJetSubstructure/DataForests/IonPhysics0/OO_Data_PromptReco_IonPhsyics0/260306_195006/0000/HiForestMiniAOD_377.root
Adding file: /eos/cms/store/group/phys_heavyions/hbossi/OOJetSubstructure/DataForests/IonPhysics0/OO_Data_PromptReco_IonPhsyics0/260306_195006/0000/HiForestMiniAOD_379.root
Adding file: /eos/cms/store/group/phys_heavyions/hbossi/OOJetSubstructure/DataForests/IonPhysics0/OO_Data_PromptReco_IonPhsyics0/260306_195006/0000/HiForestMiniAOD_380.root
Adding file: /eos/cms/store/group/phys_heavyions/hbossi/OOJetSubstructure/DataForests/IonPhysics0/OO_Data_PromptReco_IonPhsyics0/260306_195006/0000/HiForestMiniAOD_381.root
Adding file: /eos/cms/store/group/phys_heavyions/hbossi/OOJetSubstructure/DataForests/IonPhysics0/OO_Data_PromptReco_IonPhsyics0/260306_195006/0000/HiForestMiniAOD_383.root
Adding file: /eos/cms/store/group/phys_heavyions/hbossi/OOJetSubstructure/DataForests/IonPhysics0/OO_Data_PromptReco_IonPhsyics0/260306_195006/0000/HiForestMiniAOD_385.root
Adding file: /eos/cms/store/group/phys_heavyions/hbossi/OOJetSubstructure/DataForests/IonPhysics0/OO_Data_PromptReco_IonPhsyics0/260306_195006/0000/HiForestMiniAOD_386.root
Adding file: /eos/cms/store/group/phys_heavyions/hbossi/OOJetSubstructure/DataForests/IonPhysics0/OO_Data_PromptReco_IonPhsyics0/260306_195006/0000/HiForestMiniAOD_388.root
Adding file: /eos/cms/store/group/phys_heavyions/hbossi/OOJetSubstructure/DataForests/IonPhysics0/OO_Data_PromptReco_IonPhsyics0/260306_195006/0000/HiForestMiniAOD_390.root
Adding file: /eos/cms/store/group/phys_heavyions/hbossi/OOJetSubstructure/DataForests/IonPhysics0/OO_Data_PromptReco_IonPhsyics0/260306_195006/0000/HiForestMiniAOD_391.root
Adding file: /eos/cms/store/group/phys_heavyions/hbossi/OOJetSubstructure/DataForests/IonPhysics0/OO_Data_PromptReco_IonPhsyics0/260306_195006/0000/HiForestMiniAOD_392.root
Adding file: /eos/cms/store/group/phys_heavyions/hbossi/OOJetSubstructure/DataForests/IonPhysics0/OO_Data_PromptReco_IonPhsyics0/260306_195006/0000/HiForestMiniAOD_393.root
Adding file: /eos/cms/store/group/phys_heavyions/hbossi/OOJetSubstructure/DataForests/IonPhysics0/OO_Data_PromptReco_IonPhsyics0/260306_195006/0000/HiForestMiniAOD_394.root
Adding file: /eos/cms/store/group/phys_heavyions/hbossi/OOJetSubstructure/DataForests/IonPhysics0/OO_Data_PromptReco_IonPhsyics0/260306_195006/0000/HiForestMiniAOD_395.root
Adding file: /eos/cms/store/group/phys_heavyions/hbossi/OOJetSubstructure/DataForests/IonPhysics0/OO_Data_PromptReco_IonPhsyics0/260306_195006/0000/HiForestMiniAOD_397.root
Adding file: /eos/cms/store/group/phys_heavyions/hbossi/OOJetSubstructure/DataForests/IonPhysics0/OO_Data_PromptReco_IonPhsyics0/260306_195006/0000/HiForestMiniAOD_398.root
Adding file: /eos/cms/store/group/phys_heavyions/hbossi/OOJetSubstructure/DataForests/IonPhysics0/OO_Data_PromptReco_IonPhsyics0/260306_195006/0000/HiForestMiniAOD_399.root
Adding file: /eos/cms/store/group/phys_heavyions/hbossi/OOJetSubstructure/DataForests/IonPhysics0/OO_Data_PromptReco_IonPhsyics0/260306_195006/0000/HiForestMiniAOD_400.root
Adding file: /eos/cms/store/group/phys_heavyions/hbossi/OOJetSubstructure/DataForests/IonPhysics0/OO_Data_PromptReco_IonPhsyics0/260306_195006/0000/HiForestMiniAOD_401.root
Adding file: /eos/cms/store/group/phys_heavyions/hbossi/OOJetSubstructure/DataForests/IonPhysics0/OO_Data_PromptReco_IonPhsyics0/260306_195006/0000/HiForestMiniAOD_402.root
Adding file: /eos/cms/store/group/phys_heavyions/hbossi/OOJetSubstructure/DataForests/IonPhysics0/OO_Data_PromptReco_IonPhsyics0/260306_195006/0000/HiForestMiniAOD_403.root
Adding file: /eos/cms/store/group/phys_heavyions/hbossi/OOJetSubstructure/DataForests/IonPhysics0/OO_Data_PromptReco_IonPhsyics0/260306_195006/0000/HiForestMiniAOD_405.root
Adding file: /eos/cms/store/group/phys_heavyions/hbossi/OOJetSubstructure/DataForests/IonPhysics0/OO_Data_PromptReco_IonPhsyics0/260306_195006/0000/HiForestMiniAOD_406.root
Adding file: /eos/cms/store/group/phys_heavyions/hbossi/OOJetSubstructure/DataForests/IonPhysics0/OO_Data_PromptReco_IonPhsyics0/260306_195006/0000/HiForestMiniAOD_407.root
Adding file: /eos/cms/store/group/phys_heavyions/hbossi/OOJetSubstructure/DataForests/IonPhysics0/OO_Data_PromptReco_IonPhsyics0/260306_195006/0000/HiForestMiniAOD_408.root
Adding file: /eos/cms/store/group/phys_heavyions/hbossi/OOJetSubstructure/DataForests/IonPhysics0/OO_Data_PromptReco_IonPhsyics0/260306_195006/0000/HiForestMiniAOD_409.root
Adding file: /eos/cms/store/group/phys_heavyions/hbossi/OOJetSubstructure/DataForests/IonPhysics0/OO_Data_PromptReco_IonPhsyics0/260306_195006/0000/HiForestMiniAOD_410.root
Adding file: /eos/cms/store/group/phys_heavyions/hbossi/OOJetSubstructure/DataForests/IonPhysics0/OO_Data_PromptReco_IonPhsyics0/260306_195006/0000/HiForestMiniAOD_414.root
Adding file: /eos/cms/store/group/phys_heavyions/hbossi/OOJetSubstructure/DataForests/IonPhysics0/OO_Data_PromptReco_IonPhsyics0/260306_195006/0000/HiForestMiniAOD_425.root
Adding file: /eos/cms/store/group/phys_heavyions/hbossi/OOJetSubstructure/DataForests/IonPhysics0/OO_Data_PromptReco_IonPhsyics0/260306_195006/0000/HiForestMiniAOD_426.root
Adding file: /eos/cms/store/group/phys_heavyions/hbossi/OOJetSubstructure/DataForests/IonPhysics0/OO_Data_PromptReco_IonPhsyics0/260306_195006/0000/HiForestMiniAOD_427.root
Adding file: /eos/cms/store/group/phys_heavyions/hbossi/OOJetSubstructure/DataForests/IonPhysics0/OO_Data_PromptReco_IonPhsyics0/260306_195006/0000/HiForestMiniAOD_431.root
Adding file: /eos/cms/store/group/phys_heavyions/hbossi/OOJetSubstructure/DataForests/IonPhysics0/OO_Data_PromptReco_IonPhsyics0/260306_195006/0000/HiForestMiniAOD_432.root
Adding file: /eos/cms/store/group/phys_heavyions/hbossi/OOJetSubstructure/DataForests/IonPhysics0/OO_Data_PromptReco_IonPhsyics0/260306_195006/0000/HiForestMiniAOD_433.root
Adding file: /eos/cms/store/group/phys_heavyions/hbossi/OOJetSubstructure/DataForests/IonPhysics0/OO_Data_PromptReco_IonPhsyics0/260306_195006/0000/HiForestMiniAOD_435.root
Adding file: /eos/cms/store/group/phys_heavyions/hbossi/OOJetSubstructure/DataForests/IonPhysics0/OO_Data_PromptReco_IonPhsyics0/260306_195006/0000/HiForestMiniAOD_438.root
Adding file: /eos/cms/store/group/phys_heavyions/hbossi/OOJetSubstructure/DataForests/IonPhysics0/OO_Data_PromptReco_IonPhsyics0/260306_195006/0000/HiForestMiniAOD_439.root
Adding file: /eos/cms/store/group/phys_heavyions/hbossi/OOJetSubstructure/DataForests/IonPhysics0/OO_Data_PromptReco_IonPhsyics0/260306_195006/0000/HiForestMiniAOD_44.root
Adding file: /eos/cms/store/group/phys_heavyions/hbossi/OOJetSubstructure/DataForests/IonPhysics0/OO_Data_PromptReco_IonPhsyics0/260306_195006/0000/HiForestMiniAOD_440.root
Adding file: /eos/cms/store/group/phys_heavyions/hbossi/OOJetSubstructure/DataForests/IonPhysics0/OO_Data_PromptReco_IonPhsyics0/260306_195006/0000/HiForestMiniAOD_441.root
Adding file: /eos/cms/store/group/phys_heavyions/hbossi/OOJetSubstructure/DataForests/IonPhysics0/OO_Data_PromptReco_IonPhsyics0/260306_195006/0000/HiForestMiniAOD_442.root
Adding file: /eos/cms/store/group/phys_heavyions/hbossi/OOJetSubstructure/DataForests/IonPhysics0/OO_Data_PromptReco_IonPhsyics0/260306_195006/0000/HiForestMiniAOD_443.root
Adding file: /eos/cms/store/group/phys_heavyions/hbossi/OOJetSubstructure/DataForests/IonPhysics0/OO_Data_PromptReco_IonPhsyics0/260306_195006/0000/HiForestMiniAOD_444.root
Adding file: /eos/cms/store/group/phys_heavyions/hbossi/OOJetSubstructure/DataForests/IonPhysics0/OO_Data_PromptReco_IonPhsyics0/260306_195006/0000/HiForestMiniAOD_445.root
Adding file: /eos/cms/store/group/phys_heavyions/hbossi/OOJetSubstructure/DataForests/IonPhysics0/OO_Data_PromptReco_IonPhsyics0/260306_195006/0000/HiForestMiniAOD_448.root
Adding file: /eos/cms/store/group/phys_heavyions/hbossi/OOJetSubstructure/DataForests/IonPhysics0/OO_Data_PromptReco_IonPhsyics0/260306_195006/0000/HiForestMiniAOD_449.root
Adding file: /eos/cms/store/group/phys_heavyions/hbossi/OOJetSubstructure/DataForests/IonPhysics0/OO_Data_PromptReco_IonPhsyics0/260306_195006/0000/HiForestMiniAOD_450.root
Adding file: /eos/cms/store/group/phys_heavyions/hbossi/OOJetSubstructure/DataForests/IonPhysics0/OO_Data_PromptReco_IonPhsyics0/260306_195006/0000/HiForestMiniAOD_451.root
Adding file: /eos/cms/store/group/phys_heavyions/hbossi/OOJetSubstructure/DataForests/IonPhysics0/OO_Data_PromptReco_IonPhsyics0/260306_195006/0000/HiForestMiniAOD_457.root
Adding file: /eos/cms/store/group/phys_heavyions/hbossi/OOJetSubstructure/DataForests/IonPhysics0/OO_Data_PromptReco_IonPhsyics0/260306_195006/0000/HiForestMiniAOD_458.root
Adding file: /eos/cms/store/group/phys_heavyions/hbossi/OOJetSubstructure/DataForests/IonPhysics0/OO_Data_PromptReco_IonPhsyics0/260306_195006/0000/HiForestMiniAOD_459.root
Adding file: /eos/cms/store/group/phys_heavyions/hbossi/OOJetSubstructure/DataForests/IonPhysics0/OO_Data_PromptReco_IonPhsyics0/260306_195006/0000/HiForestMiniAOD_460.root
Adding file: /eos/cms/store/group/phys_heavyions/hbossi/OOJetSubstructure/DataForests/IonPhysics0/OO_Data_PromptReco_IonPhsyics0/260306_195006/0000/HiForestMiniAOD_466.root
Adding file: /eos/cms/store/group/phys_heavyions/hbossi/OOJetSubstructure/DataForests/IonPhysics0/OO_Data_PromptReco_IonPhsyics0/260306_195006/0000/HiForestMiniAOD_467.root
Adding file: /eos/cms/store/group/phys_heavyions/hbossi/OOJetSubstructure/DataForests/IonPhysics0/OO_Data_PromptReco_IonPhsyics0/260306_195006/0000/HiForestMiniAOD_470.root
Adding file: /eos/cms/store/group/phys_heavyions/hbossi/OOJetSubstructure/DataForests/IonPhysics0/OO_Data_PromptReco_IonPhsyics0/260306_195006/0000/HiForestMiniAOD_471.root
Adding file: /eos/cms/store/group/phys_heavyions/hbossi/OOJetSubstructure/DataForests/IonPhysics0/OO_Data_PromptReco_IonPhsyics0/260306_195006/0000/HiForestMiniAOD_472.root
Adding file: /eos/cms/store/group/phys_heavyions/hbossi/OOJetSubstructure/DataForests/IonPhysics0/OO_Data_PromptReco_IonPhsyics0/260306_195006/0000/HiForestMiniAOD_474.root
Adding file: /eos/cms/store/group/phys_heavyions/hbossi/OOJetSubstructure/DataForests/IonPhysics0/OO_Data_PromptReco_IonPhsyics0/260306_195006/0000/HiForestMiniAOD_480.root
Adding file: /eos/cms/store/group/phys_heavyions/hbossi/OOJetSubstructure/DataForests/IonPhysics0/OO_Data_PromptReco_IonPhsyics0/260306_195006/0000/HiForestMiniAOD_483.root
Adding file: /eos/cms/store/group/phys_heavyions/hbossi/OOJetSubstructure/DataForests/IonPhysics0/OO_Data_PromptReco_IonPhsyics0/260306_195006/0000/HiForestMiniAOD_486.root
Adding file: /eos/cms/store/group/phys_heavyions/hbossi/OOJetSubstructure/DataForests/IonPhysics0/OO_Data_PromptReco_IonPhsyics0/260306_195006/0000/HiForestMiniAOD_488.root
Adding file: /eos/cms/store/group/phys_heavyions/hbossi/OOJetSubstructure/DataForests/IonPhysics0/OO_Data_PromptReco_IonPhsyics0/260306_195006/0000/HiForestMiniAOD_489.root
Adding file: /eos/cms/store/group/phys_heavyions/hbossi/OOJetSubstructure/DataForests/IonPhysics0/OO_Data_PromptReco_IonPhsyics0/260306_195006/0000/HiForestMiniAOD_491.root
Adding file: /eos/cms/store/group/phys_heavyions/hbossi/OOJetSubstructure/DataForests/IonPhysics0/OO_Data_PromptReco_IonPhsyics0/260306_195006/0000/HiForestMiniAOD_492.root
Adding file: /eos/cms/store/group/phys_heavyions/hbossi/OOJetSubstructure/DataForests/IonPhysics0/OO_Data_PromptReco_IonPhsyics0/260306_195006/0000/HiForestMiniAOD_493.root
Adding file: /eos/cms/store/group/phys_heavyions/hbossi/OOJetSubstructure/DataForests/IonPhysics0/OO_Data_PromptReco_IonPhsyics0/260306_195006/0000/HiForestMiniAOD_496.root
Adding file: /eos/cms/store/group/phys_heavyions/hbossi/OOJetSubstructure/DataForests/IonPhysics0/OO_Data_PromptReco_IonPhsyics0/260306_195006/0000/HiForestMiniAOD_498.root
Adding file: /eos/cms/store/group/phys_heavyions/hbossi/OOJetSubstructure/DataForests/IonPhysics0/OO_Data_PromptReco_IonPhsyics0/260306_195006/0000/HiForestMiniAOD_499.root
Adding file: /eos/cms/store/group/phys_heavyions/hbossi/OOJetSubstructure/DataForests/IonPhysics0/OO_Data_PromptReco_IonPhsyics0/260306_195006/0000/HiForestMiniAOD_502.root
Adding file: /eos/cms/store/group/phys_heavyions/hbossi/OOJetSubstructure/DataForests/IonPhysics0/OO_Data_PromptReco_IonPhsyics0/260306_195006/0000/HiForestMiniAOD_504.root
Adding file: /eos/cms/store/group/phys_heavyions/hbossi/OOJetSubstructure/DataForests/IonPhysics0/OO_Data_PromptReco_IonPhsyics0/260306_195006/0000/HiForestMiniAOD_505.root
Adding file: /eos/cms/store/group/phys_heavyions/hbossi/OOJetSubstructure/DataForests/IonPhysics0/OO_Data_PromptReco_IonPhsyics0/260306_195006/0000/HiForestMiniAOD_506.root
Adding file: /eos/cms/store/group/phys_heavyions/hbossi/OOJetSubstructure/DataForests/IonPhysics0/OO_Data_PromptReco_IonPhsyics0/260306_195006/0000/HiForestMiniAOD_507.root
Adding file: /eos/cms/store/group/phys_heavyions/hbossi/OOJetSubstructure/DataForests/IonPhysics0/OO_Data_PromptReco_IonPhsyics0/260306_195006/0000/HiForestMiniAOD_508.root
Adding file: /eos/cms/store/group/phys_heavyions/hbossi/OOJetSubstructure/DataForests/IonPhysics0/OO_Data_PromptReco_IonPhsyics0/260306_195006/0000/HiForestMiniAOD_516.root
Adding file: /eos/cms/store/group/phys_heavyions/hbossi/OOJetSubstructure/DataForests/IonPhysics0/OO_Data_PromptReco_IonPhsyics0/260306_195006/0000/HiForestMiniAOD_517.root
Adding file: /eos/cms/store/group/phys_heavyions/hbossi/OOJetSubstructure/DataForests/IonPhysics0/OO_Data_PromptReco_IonPhsyics0/260306_195006/0000/HiForestMiniAOD_518.root
Adding file: /eos/cms/store/group/phys_heavyions/hbossi/OOJetSubstructure/DataForests/IonPhysics0/OO_Data_PromptReco_IonPhsyics0/260306_195006/0000/HiForestMiniAOD_519.root
Adding file: /eos/cms/store/group/phys_heavyions/hbossi/OOJetSubstructure/DataForests/IonPhysics0/OO_Data_PromptReco_IonPhsyics0/260306_195006/0000/HiForestMiniAOD_520.root
Adding file: /eos/cms/store/group/phys_heavyions/hbossi/OOJetSubstructure/DataForests/IonPhysics0/OO_Data_PromptReco_IonPhsyics0/260306_195006/0000/HiForestMiniAOD_523.root
Adding file: /eos/cms/store/group/phys_heavyions/hbossi/OOJetSubstructure/DataForests/IonPhysics0/OO_Data_PromptReco_IonPhsyics0/260306_195006/0000/HiForestMiniAOD_526.root
Adding file: /eos/cms/store/group/phys_heavyions/hbossi/OOJetSubstructure/DataForests/IonPhysics0/OO_Data_PromptReco_IonPhsyics0/260306_195006/0000/HiForestMiniAOD_528.root
Adding file: /eos/cms/store/group/phys_heavyions/hbossi/OOJetSubstructure/DataForests/IonPhysics0/OO_Data_PromptReco_IonPhsyics0/260306_195006/0000/HiForestMiniAOD_529.root
Adding file: /eos/cms/store/group/phys_heavyions/hbossi/OOJetSubstructure/DataForests/IonPhysics0/OO_Data_PromptReco_IonPhsyics0/260306_195006/0000/HiForestMiniAOD_530.root
Adding file: /eos/cms/store/group/phys_heavyions/hbossi/OOJetSubstructure/DataForests/IonPhysics0/OO_Data_PromptReco_IonPhsyics0/260306_195006/0000/HiForestMiniAOD_532.root
Adding file: /eos/cms/store/group/phys_heavyions/hbossi/OOJetSubstructure/DataForests/IonPhysics0/OO_Data_PromptReco_IonPhsyics0/260306_195006/0000/HiForestMiniAOD_535.root
Adding file: /eos/cms/store/group/phys_heavyions/hbossi/OOJetSubstructure/DataForests/IonPhysics0/OO_Data_PromptReco_IonPhsyics0/260306_195006/0000/HiForestMiniAOD_538.root
Adding file: /eos/cms/store/group/phys_heavyions/hbossi/OOJetSubstructure/DataForests/IonPhysics0/OO_Data_PromptReco_IonPhsyics0/260306_195006/0000/HiForestMiniAOD_539.root
Adding file: /eos/cms/store/group/phys_heavyions/hbossi/OOJetSubstructure/DataForests/IonPhysics0/OO_Data_PromptReco_IonPhsyics0/260306_195006/0000/HiForestMiniAOD_542.root
Adding file: /eos/cms/store/group/phys_heavyions/hbossi/OOJetSubstructure/DataForests/IonPhysics0/OO_Data_PromptReco_IonPhsyics0/260306_195006/0000/HiForestMiniAOD_545.root
Adding file: /eos/cms/store/group/phys_heavyions/hbossi/OOJetSubstructure/DataForests/IonPhysics0/OO_Data_PromptReco_IonPhsyics0/260306_195006/0000/HiForestMiniAOD_547.root
Adding file: /eos/cms/store/group/phys_heavyions/hbossi/OOJetSubstructure/DataForests/IonPhysics0/OO_Data_PromptReco_IonPhsyics0/260306_195006/0000/HiForestMiniAOD_55.root
Adding file: /eos/cms/store/group/phys_heavyions/hbossi/OOJetSubstructure/DataForests/IonPhysics0/OO_Data_PromptReco_IonPhsyics0/260306_195006/0000/HiForestMiniAOD_550.root
Adding file: /eos/cms/store/group/phys_heavyions/hbossi/OOJetSubstructure/DataForests/IonPhysics0/OO_Data_PromptReco_IonPhsyics0/260306_195006/0000/HiForestMiniAOD_551.root
Adding file: /eos/cms/store/group/phys_heavyions/hbossi/OOJetSubstructure/DataForests/IonPhysics0/OO_Data_PromptReco_IonPhsyics0/260306_195006/0000/HiForestMiniAOD_552.root
Adding file: /eos/cms/store/group/phys_heavyions/hbossi/OOJetSubstructure/DataForests/IonPhysics0/OO_Data_PromptReco_IonPhsyics0/260306_195006/0000/HiForestMiniAOD_554.root
Adding file: /eos/cms/store/group/phys_heavyions/hbossi/OOJetSubstructure/DataForests/IonPhysics0/OO_Data_PromptReco_IonPhsyics0/260306_195006/0000/HiForestMiniAOD_558.root
Adding file: /eos/cms/store/group/phys_heavyions/hbossi/OOJetSubstructure/DataForests/IonPhysics0/OO_Data_PromptReco_IonPhsyics0/260306_195006/0000/HiForestMiniAOD_561.root
Adding file: /eos/cms/store/group/phys_heavyions/hbossi/OOJetSubstructure/DataForests/IonPhysics0/OO_Data_PromptReco_IonPhsyics0/260306_195006/0000/HiForestMiniAOD_562.root
Adding file: /eos/cms/store/group/phys_heavyions/hbossi/OOJetSubstructure/DataForests/IonPhysics0/OO_Data_PromptReco_IonPhsyics0/260306_195006/0000/HiForestMiniAOD_567.root
Adding file: /eos/cms/store/group/phys_heavyions/hbossi/OOJetSubstructure/DataForests/IonPhysics0/OO_Data_PromptReco_IonPhsyics0/260306_195006/0000/HiForestMiniAOD_568.root
Adding file: /eos/cms/store/group/phys_heavyions/hbossi/OOJetSubstructure/DataForests/IonPhysics0/OO_Data_PromptReco_IonPhsyics0/260306_195006/0000/HiForestMiniAOD_572.root
Adding file: /eos/cms/store/group/phys_heavyions/hbossi/OOJetSubstructure/DataForests/IonPhysics0/OO_Data_PromptReco_IonPhsyics0/260306_195006/0000/HiForestMiniAOD_575.root
Adding file: /eos/cms/store/group/phys_heavyions/hbossi/OOJetSubstructure/DataForests/IonPhysics0/OO_Data_PromptReco_IonPhsyics0/260306_195006/0000/HiForestMiniAOD_577.root
Adding file: /eos/cms/store/group/phys_heavyions/hbossi/OOJetSubstructure/DataForests/IonPhysics0/OO_Data_PromptReco_IonPhsyics0/260306_195006/0000/HiForestMiniAOD_578.root
Adding file: /eos/cms/store/group/phys_heavyions/hbossi/OOJetSubstructure/DataForests/IonPhysics0/OO_Data_PromptReco_IonPhsyics0/260306_195006/0000/HiForestMiniAOD_580.root
Adding file: /eos/cms/store/group/phys_heavyions/hbossi/OOJetSubstructure/DataForests/IonPhysics0/OO_Data_PromptReco_IonPhsyics0/260306_195006/0000/HiForestMiniAOD_581.root
Adding file: /eos/cms/store/group/phys_heavyions/hbossi/OOJetSubstructure/DataForests/IonPhysics0/OO_Data_PromptReco_IonPhsyics0/260306_195006/0000/HiForestMiniAOD_583.root
Adding file: /eos/cms/store/group/phys_heavyions/hbossi/OOJetSubstructure/DataForests/IonPhysics0/OO_Data_PromptReco_IonPhsyics0/260306_195006/0000/HiForestMiniAOD_584.root
Adding file: /eos/cms/store/group/phys_heavyions/hbossi/OOJetSubstructure/DataForests/IonPhysics0/OO_Data_PromptReco_IonPhsyics0/260306_195006/0000/HiForestMiniAOD_587.root
Adding file: /eos/cms/store/group/phys_heavyions/hbossi/OOJetSubstructure/DataForests/IonPhysics0/OO_Data_PromptReco_IonPhsyics0/260306_195006/0000/HiForestMiniAOD_588.root
Adding file: /eos/cms/store/group/phys_heavyions/hbossi/OOJetSubstructure/DataForests/IonPhysics0/OO_Data_PromptReco_IonPhsyics0/260306_195006/0000/HiForestMiniAOD_589.root
Adding file: /eos/cms/store/group/phys_heavyions/hbossi/OOJetSubstructure/DataForests/IonPhysics0/OO_Data_PromptReco_IonPhsyics0/260306_195006/0000/HiForestMiniAOD_591.root
Adding file: /eos/cms/store/group/phys_heavyions/hbossi/OOJetSubstructure/DataForests/IonPhysics0/OO_Data_PromptReco_IonPhsyics0/260306_195006/0000/HiForestMiniAOD_593.root
Adding file: /eos/cms/store/group/phys_heavyions/hbossi/OOJetSubstructure/DataForests/IonPhysics0/OO_Data_PromptReco_IonPhsyics0/260306_195006/0000/HiForestMiniAOD_595.root
Adding file: /eos/cms/store/group/phys_heavyions/hbossi/OOJetSubstructure/DataForests/IonPhysics0/OO_Data_PromptReco_IonPhsyics0/260306_195006/0000/HiForestMiniAOD_598.root
Adding file: /eos/cms/store/group/phys_heavyions/hbossi/OOJetSubstructure/DataForests/IonPhysics0/OO_Data_PromptReco_IonPhsyics0/260306_195006/0000/HiForestMiniAOD_600.root
Adding file: /eos/cms/store/group/phys_heavyions/hbossi/OOJetSubstructure/DataForests/IonPhysics0/OO_Data_PromptReco_IonPhsyics0/260306_195006/0000/HiForestMiniAOD_602.root
Adding file: /eos/cms/store/group/phys_heavyions/hbossi/OOJetSubstructure/DataForests/IonPhysics0/OO_Data_PromptReco_IonPhsyics0/260306_195006/0000/HiForestMiniAOD_604.root
Adding file: /eos/cms/store/group/phys_heavyions/hbossi/OOJetSubstructure/DataForests/IonPhysics0/OO_Data_PromptReco_IonPhsyics0/260306_195006/0000/HiForestMiniAOD_605.root
Adding file: /eos/cms/store/group/phys_heavyions/hbossi/OOJetSubstructure/DataForests/IonPhysics0/OO_Data_PromptReco_IonPhsyics0/260306_195006/0000/HiForestMiniAOD_606.root
Adding file: /eos/cms/store/group/phys_heavyions/hbossi/OOJetSubstructure/DataForests/IonPhysics0/OO_Data_PromptReco_IonPhsyics0/260306_195006/0000/HiForestMiniAOD_607.root
Adding file: /eos/cms/store/group/phys_heavyions/hbossi/OOJetSubstructure/DataForests/IonPhysics0/OO_Data_PromptReco_IonPhsyics0/260306_195006/0000/HiForestMiniAOD_93.root
Found 212 ROOT files matching pattern: /eos/cms/store/group/phys_heavyions/hbossi/OOJetSubstructure/DataForests/IonPhysics0/OO_Data_PromptReco_IonPhsyics0/260306_195006/0000/*
Number of ROOT files to process: 212
Processing file 1 of 212: /eos/cms/store/group/phys_heavyions/hbossi/OOJetSubstructure/DataForests/IonPhysics0/OO_Data_PromptReco_IonPhsyics0/260306_195006/0000/HiForestMiniAOD_112.root
Processing file 2 of 212: /eos/cms/store/group/phys_heavyions/hbossi/OOJetSubstructure/DataForests/IonPhysics0/OO_Data_PromptReco_IonPhsyics0/260306_195006/0000/HiForestMiniAOD_140.root
Processing file 3 of 212: /eos/cms/store/group/phys_heavyions/hbossi/OOJetSubstructure/DataForests/IonPhysics0/OO_Data_PromptReco_IonPhsyics0/260306_195006/0000/HiForestMiniAOD_163.root
Processing file 4 of 212: /eos/cms/store/group/phys_heavyions/hbossi/OOJetSubstructure/DataForests/IonPhysics0/OO_Data_PromptReco_IonPhsyics0/260306_195006/0000/HiForestMiniAOD_185.root
Processing file 5 of 212: /eos/cms/store/group/phys_heavyions/hbossi/OOJetSubstructure/DataForests/IonPhysics0/OO_Data_PromptReco_IonPhsyics0/260306_195006/0000/HiForestMiniAOD_192.root
Processing file 6 of 212: /eos/cms/store/group/phys_heavyions/hbossi/OOJetSubstructure/DataForests/IonPhysics0/OO_Data_PromptReco_IonPhsyics0/260306_195006/0000/HiForestMiniAOD_194.root
Processing file 7 of 212: /eos/cms/store/group/phys_heavyions/hbossi/OOJetSubstructure/DataForests/IonPhysics0/OO_Data_PromptReco_IonPhsyics0/260306_195006/0000/HiForestMiniAOD_197.root
Processing file 8 of 212: /eos/cms/store/group/phys_heavyions/hbossi/OOJetSubstructure/DataForests/IonPhysics0/OO_Data_PromptReco_IonPhsyics0/260306_195006/0000/HiForestMiniAOD_204.root
Processing file 9 of 212: /eos/cms/store/group/phys_heavyions/hbossi/OOJetSubstructure/DataForests/IonPhysics0/OO_Data_PromptReco_IonPhsyics0/260306_195006/0000/HiForestMiniAOD_214.root
Processing file 10 of 212: /eos/cms/store/group/phys_heavyions/hbossi/OOJetSubstructure/DataForests/IonPhysics0/OO_Data_PromptReco_IonPhsyics0/260306_195006/0000/HiForestMiniAOD_222.root
Processing file 11 of 212: /eos/cms/store/group/phys_heavyions/hbossi/OOJetSubstructure/DataForests/IonPhysics0/OO_Data_PromptReco_IonPhsyics0/260306_195006/0000/HiForestMiniAOD_228.root
Processing file 12 of 212: /eos/cms/store/group/phys_heavyions/hbossi/OOJetSubstructure/DataForests/IonPhysics0/OO_Data_PromptReco_IonPhsyics0/260306_195006/0000/HiForestMiniAOD_229.root
Processing file 13 of 212: /eos/cms/store/group/phys_heavyions/hbossi/OOJetSubstructure/DataForests/IonPhysics0/OO_Data_PromptReco_IonPhsyics0/260306_195006/0000/HiForestMiniAOD_231.root
Processing file 14 of 212: /eos/cms/store/group/phys_heavyions/hbossi/OOJetSubstructure/DataForests/IonPhysics0/OO_Data_PromptReco_IonPhsyics0/260306_195006/0000/HiForestMiniAOD_234.root
Processing file 15 of 212: /eos/cms/store/group/phys_heavyions/hbossi/OOJetSubstructure/DataForests/IonPhysics0/OO_Data_PromptReco_IonPhsyics0/260306_195006/0000/HiForestMiniAOD_237.root
Processing file 16 of 212: /eos/cms/store/group/phys_heavyions/hbossi/OOJetSubstructure/DataForests/IonPhysics0/OO_Data_PromptReco_IonPhsyics0/260306_195006/0000/HiForestMiniAOD_238.root
Processing file 17 of 212: /eos/cms/store/group/phys_heavyions/hbossi/OOJetSubstructure/DataForests/IonPhysics0/OO_Data_PromptReco_IonPhsyics0/260306_195006/0000/HiForestMiniAOD_239.root
Processing file 18 of 212: /eos/cms/store/group/phys_heavyions/hbossi/OOJetSubstructure/DataForests/IonPhysics0/OO_Data_PromptReco_IonPhsyics0/260306_195006/0000/HiForestMiniAOD_240.root
Processing file 19 of 212: /eos/cms/store/group/phys_heavyions/hbossi/OOJetSubstructure/DataForests/IonPhysics0/OO_Data_PromptReco_IonPhsyics0/260306_195006/0000/HiForestMiniAOD_241.root
Processing file 20 of 212: /eos/cms/store/group/phys_heavyions/hbossi/OOJetSubstructure/DataForests/IonPhysics0/OO_Data_PromptReco_IonPhsyics0/260306_195006/0000/HiForestMiniAOD_242.root
Processing file 21 of 212: /eos/cms/store/group/phys_heavyions/hbossi/OOJetSubstructure/DataForests/IonPhysics0/OO_Data_PromptReco_IonPhsyics0/260306_195006/0000/HiForestMiniAOD_245.root
Processing file 22 of 212: /eos/cms/store/group/phys_heavyions/hbossi/OOJetSubstructure/DataForests/IonPhysics0/OO_Data_PromptReco_IonPhsyics0/260306_195006/0000/HiForestMiniAOD_248.root
Processing file 23 of 212: /eos/cms/store/group/phys_heavyions/hbossi/OOJetSubstructure/DataForests/IonPhysics0/OO_Data_PromptReco_IonPhsyics0/260306_195006/0000/HiForestMiniAOD_250.root
Processing file 24 of 212: /eos/cms/store/group/phys_heavyions/hbossi/OOJetSubstructure/DataForests/IonPhysics0/OO_Data_PromptReco_IonPhsyics0/260306_195006/0000/HiForestMiniAOD_252.root
Processing file 25 of 212: /eos/cms/store/group/phys_heavyions/hbossi/OOJetSubstructure/DataForests/IonPhysics0/OO_Data_PromptReco_IonPhsyics0/260306_195006/0000/HiForestMiniAOD_256.root
Processing file 26 of 212: /eos/cms/store/group/phys_heavyions/hbossi/OOJetSubstructure/DataForests/IonPhysics0/OO_Data_PromptReco_IonPhsyics0/260306_195006/0000/HiForestMiniAOD_257.root
Processing file 27 of 212: /eos/cms/store/group/phys_heavyions/hbossi/OOJetSubstructure/DataForests/IonPhysics0/OO_Data_PromptReco_IonPhsyics0/260306_195006/0000/HiForestMiniAOD_261.root
Processing file 28 of 212: /eos/cms/store/group/phys_heavyions/hbossi/OOJetSubstructure/DataForests/IonPhysics0/OO_Data_PromptReco_IonPhsyics0/260306_195006/0000/HiForestMiniAOD_263.root
Processing file 29 of 212: /eos/cms/store/group/phys_heavyions/hbossi/OOJetSubstructure/DataForests/IonPhysics0/OO_Data_PromptReco_IonPhsyics0/260306_195006/0000/HiForestMiniAOD_267.root
Processing file 30 of 212: /eos/cms/store/group/phys_heavyions/hbossi/OOJetSubstructure/DataForests/IonPhysics0/OO_Data_PromptReco_IonPhsyics0/260306_195006/0000/HiForestMiniAOD_270.root
Processing file 31 of 212: /eos/cms/store/group/phys_heavyions/hbossi/OOJetSubstructure/DataForests/IonPhysics0/OO_Data_PromptReco_IonPhsyics0/260306_195006/0000/HiForestMiniAOD_272.root
Processing file 32 of 212: /eos/cms/store/group/phys_heavyions/hbossi/OOJetSubstructure/DataForests/IonPhysics0/OO_Data_PromptReco_IonPhsyics0/260306_195006/0000/HiForestMiniAOD_274.root
Processing file 33 of 212: /eos/cms/store/group/phys_heavyions/hbossi/OOJetSubstructure/DataForests/IonPhysics0/OO_Data_PromptReco_IonPhsyics0/260306_195006/0000/HiForestMiniAOD_275.root
Processing file 34 of 212: /eos/cms/store/group/phys_heavyions/hbossi/OOJetSubstructure/DataForests/IonPhysics0/OO_Data_PromptReco_IonPhsyics0/260306_195006/0000/HiForestMiniAOD_276.root
Processing file 35 of 212: /eos/cms/store/group/phys_heavyions/hbossi/OOJetSubstructure/DataForests/IonPhysics0/OO_Data_PromptReco_IonPhsyics0/260306_195006/0000/HiForestMiniAOD_277.root
Processing file 36 of 212: /eos/cms/store/group/phys_heavyions/hbossi/OOJetSubstructure/DataForests/IonPhysics0/OO_Data_PromptReco_IonPhsyics0/260306_195006/0000/HiForestMiniAOD_281.root
Processing file 37 of 212: /eos/cms/store/group/phys_heavyions/hbossi/OOJetSubstructure/DataForests/IonPhysics0/OO_Data_PromptReco_IonPhsyics0/260306_195006/0000/HiForestMiniAOD_282.root
Processing file 38 of 212: /eos/cms/store/group/phys_heavyions/hbossi/OOJetSubstructure/DataForests/IonPhysics0/OO_Data_PromptReco_IonPhsyics0/260306_195006/0000/HiForestMiniAOD_283.root
Processing file 39 of 212: /eos/cms/store/group/phys_heavyions/hbossi/OOJetSubstructure/DataForests/IonPhysics0/OO_Data_PromptReco_IonPhsyics0/260306_195006/0000/HiForestMiniAOD_284.root
Processing file 40 of 212: /eos/cms/store/group/phys_heavyions/hbossi/OOJetSubstructure/DataForests/IonPhysics0/OO_Data_PromptReco_IonPhsyics0/260306_195006/0000/HiForestMiniAOD_286.root
Processing file 41 of 212: /eos/cms/store/group/phys_heavyions/hbossi/OOJetSubstructure/DataForests/IonPhysics0/OO_Data_PromptReco_IonPhsyics0/260306_195006/0000/HiForestMiniAOD_287.root
Processing file 42 of 212: /eos/cms/store/group/phys_heavyions/hbossi/OOJetSubstructure/DataForests/IonPhysics0/OO_Data_PromptReco_IonPhsyics0/260306_195006/0000/HiForestMiniAOD_289.root
Processing file 43 of 212: /eos/cms/store/group/phys_heavyions/hbossi/OOJetSubstructure/DataForests/IonPhysics0/OO_Data_PromptReco_IonPhsyics0/260306_195006/0000/HiForestMiniAOD_294.root
Processing file 44 of 212: /eos/cms/store/group/phys_heavyions/hbossi/OOJetSubstructure/DataForests/IonPhysics0/OO_Data_PromptReco_IonPhsyics0/260306_195006/0000/HiForestMiniAOD_295.root
Processing file 45 of 212: /eos/cms/store/group/phys_heavyions/hbossi/OOJetSubstructure/DataForests/IonPhysics0/OO_Data_PromptReco_IonPhsyics0/260306_195006/0000/HiForestMiniAOD_297.root
Processing file 46 of 212: /eos/cms/store/group/phys_heavyions/hbossi/OOJetSubstructure/DataForests/IonPhysics0/OO_Data_PromptReco_IonPhsyics0/260306_195006/0000/HiForestMiniAOD_299.root
Processing file 47 of 212: /eos/cms/store/group/phys_heavyions/hbossi/OOJetSubstructure/DataForests/IonPhysics0/OO_Data_PromptReco_IonPhsyics0/260306_195006/0000/HiForestMiniAOD_300.root
Processing file 48 of 212: /eos/cms/store/group/phys_heavyions/hbossi/OOJetSubstructure/DataForests/IonPhysics0/OO_Data_PromptReco_IonPhsyics0/260306_195006/0000/HiForestMiniAOD_301.root
Processing file 49 of 212: /eos/cms/store/group/phys_heavyions/hbossi/OOJetSubstructure/DataForests/IonPhysics0/OO_Data_PromptReco_IonPhsyics0/260306_195006/0000/HiForestMiniAOD_302.root
Processing file 50 of 212: /eos/cms/store/group/phys_heavyions/hbossi/OOJetSubstructure/DataForests/IonPhysics0/OO_Data_PromptReco_IonPhsyics0/260306_195006/0000/HiForestMiniAOD_303.root
Processing file 51 of 212: /eos/cms/store/group/phys_heavyions/hbossi/OOJetSubstructure/DataForests/IonPhysics0/OO_Data_PromptReco_IonPhsyics0/260306_195006/0000/HiForestMiniAOD_305.root
Processing file 52 of 212: /eos/cms/store/group/phys_heavyions/hbossi/OOJetSubstructure/DataForests/IonPhysics0/OO_Data_PromptReco_IonPhsyics0/260306_195006/0000/HiForestMiniAOD_308.root
Processing file 53 of 212: /eos/cms/store/group/phys_heavyions/hbossi/OOJetSubstructure/DataForests/IonPhysics0/OO_Data_PromptReco_IonPhsyics0/260306_195006/0000/HiForestMiniAOD_311.root
Processing file 54 of 212: /eos/cms/store/group/phys_heavyions/hbossi/OOJetSubstructure/DataForests/IonPhysics0/OO_Data_PromptReco_IonPhsyics0/260306_195006/0000/HiForestMiniAOD_315.root
Processing file 55 of 212: /eos/cms/store/group/phys_heavyions/hbossi/OOJetSubstructure/DataForests/IonPhysics0/OO_Data_PromptReco_IonPhsyics0/260306_195006/0000/HiForestMiniAOD_318.root
Processing file 56 of 212: /eos/cms/store/group/phys_heavyions/hbossi/OOJetSubstructure/DataForests/IonPhysics0/OO_Data_PromptReco_IonPhsyics0/260306_195006/0000/HiForestMiniAOD_319.root
Processing file 57 of 212: /eos/cms/store/group/phys_heavyions/hbossi/OOJetSubstructure/DataForests/IonPhysics0/OO_Data_PromptReco_IonPhsyics0/260306_195006/0000/HiForestMiniAOD_320.root
Processing file 58 of 212: /eos/cms/store/group/phys_heavyions/hbossi/OOJetSubstructure/DataForests/IonPhysics0/OO_Data_PromptReco_IonPhsyics0/260306_195006/0000/HiForestMiniAOD_321.root
Processing file 59 of 212: /eos/cms/store/group/phys_heavyions/hbossi/OOJetSubstructure/DataForests/IonPhysics0/OO_Data_PromptReco_IonPhsyics0/260306_195006/0000/HiForestMiniAOD_323.root
Processing file 60 of 212: /eos/cms/store/group/phys_heavyions/hbossi/OOJetSubstructure/DataForests/IonPhysics0/OO_Data_PromptReco_IonPhsyics0/260306_195006/0000/HiForestMiniAOD_324.root
Processing file 61 of 212: /eos/cms/store/group/phys_heavyions/hbossi/OOJetSubstructure/DataForests/IonPhysics0/OO_Data_PromptReco_IonPhsyics0/260306_195006/0000/HiForestMiniAOD_327.root
Processing file 62 of 212: /eos/cms/store/group/phys_heavyions/hbossi/OOJetSubstructure/DataForests/IonPhysics0/OO_Data_PromptReco_IonPhsyics0/260306_195006/0000/HiForestMiniAOD_329.root
Processing file 63 of 212: /eos/cms/store/group/phys_heavyions/hbossi/OOJetSubstructure/DataForests/IonPhysics0/OO_Data_PromptReco_IonPhsyics0/260306_195006/0000/HiForestMiniAOD_330.root
Processing file 64 of 212: /eos/cms/store/group/phys_heavyions/hbossi/OOJetSubstructure/DataForests/IonPhysics0/OO_Data_PromptReco_IonPhsyics0/260306_195006/0000/HiForestMiniAOD_331.root
Processing file 65 of 212: /eos/cms/store/group/phys_heavyions/hbossi/OOJetSubstructure/DataForests/IonPhysics0/OO_Data_PromptReco_IonPhsyics0/260306_195006/0000/HiForestMiniAOD_332.root
Processing file 66 of 212: /eos/cms/store/group/phys_heavyions/hbossi/OOJetSubstructure/DataForests/IonPhysics0/OO_Data_PromptReco_IonPhsyics0/260306_195006/0000/HiForestMiniAOD_333.root
Processing file 67 of 212: /eos/cms/store/group/phys_heavyions/hbossi/OOJetSubstructure/DataForests/IonPhysics0/OO_Data_PromptReco_IonPhsyics0/260306_195006/0000/HiForestMiniAOD_335.root
Processing file 68 of 212: /eos/cms/store/group/phys_heavyions/hbossi/OOJetSubstructure/DataForests/IonPhysics0/OO_Data_PromptReco_IonPhsyics0/260306_195006/0000/HiForestMiniAOD_336.root
Processing file 69 of 212: /eos/cms/store/group/phys_heavyions/hbossi/OOJetSubstructure/DataForests/IonPhysics0/OO_Data_PromptReco_IonPhsyics0/260306_195006/0000/HiForestMiniAOD_337.root
Processing file 70 of 212: /eos/cms/store/group/phys_heavyions/hbossi/OOJetSubstructure/DataForests/IonPhysics0/OO_Data_PromptReco_IonPhsyics0/260306_195006/0000/HiForestMiniAOD_338.root
Processing file 71 of 212: /eos/cms/store/group/phys_heavyions/hbossi/OOJetSubstructure/DataForests/IonPhysics0/OO_Data_PromptReco_IonPhsyics0/260306_195006/0000/HiForestMiniAOD_339.root
Processing file 72 of 212: /eos/cms/store/group/phys_heavyions/hbossi/OOJetSubstructure/DataForests/IonPhysics0/OO_Data_PromptReco_IonPhsyics0/260306_195006/0000/HiForestMiniAOD_343.root
Processing file 73 of 212: /eos/cms/store/group/phys_heavyions/hbossi/OOJetSubstructure/DataForests/IonPhysics0/OO_Data_PromptReco_IonPhsyics0/260306_195006/0000/HiForestMiniAOD_344.root
Processing file 74 of 212: /eos/cms/store/group/phys_heavyions/hbossi/OOJetSubstructure/DataForests/IonPhysics0/OO_Data_PromptReco_IonPhsyics0/260306_195006/0000/HiForestMiniAOD_345.root
Processing file 75 of 212: /eos/cms/store/group/phys_heavyions/hbossi/OOJetSubstructure/DataForests/IonPhysics0/OO_Data_PromptReco_IonPhsyics0/260306_195006/0000/HiForestMiniAOD_346.root
Processing file 76 of 212: /eos/cms/store/group/phys_heavyions/hbossi/OOJetSubstructure/DataForests/IonPhysics0/OO_Data_PromptReco_IonPhsyics0/260306_195006/0000/HiForestMiniAOD_348.root
Processing file 77 of 212: /eos/cms/store/group/phys_heavyions/hbossi/OOJetSubstructure/DataForests/IonPhysics0/OO_Data_PromptReco_IonPhsyics0/260306_195006/0000/HiForestMiniAOD_349.root
Processing file 78 of 212: /eos/cms/store/group/phys_heavyions/hbossi/OOJetSubstructure/DataForests/IonPhysics0/OO_Data_PromptReco_IonPhsyics0/260306_195006/0000/HiForestMiniAOD_352.root
Processing file 79 of 212: /eos/cms/store/group/phys_heavyions/hbossi/OOJetSubstructure/DataForests/IonPhysics0/OO_Data_PromptReco_IonPhsyics0/260306_195006/0000/HiForestMiniAOD_354.root
Processing file 80 of 212: /eos/cms/store/group/phys_heavyions/hbossi/OOJetSubstructure/DataForests/IonPhysics0/OO_Data_PromptReco_IonPhsyics0/260306_195006/0000/HiForestMiniAOD_356.root
Processing file 81 of 212: /eos/cms/store/group/phys_heavyions/hbossi/OOJetSubstructure/DataForests/IonPhysics0/OO_Data_PromptReco_IonPhsyics0/260306_195006/0000/HiForestMiniAOD_364.root
Processing file 82 of 212: /eos/cms/store/group/phys_heavyions/hbossi/OOJetSubstructure/DataForests/IonPhysics0/OO_Data_PromptReco_IonPhsyics0/260306_195006/0000/HiForestMiniAOD_368.root
Processing file 83 of 212: /eos/cms/store/group/phys_heavyions/hbossi/OOJetSubstructure/DataForests/IonPhysics0/OO_Data_PromptReco_IonPhsyics0/260306_195006/0000/HiForestMiniAOD_369.root
Processing file 84 of 212: /eos/cms/store/group/phys_heavyions/hbossi/OOJetSubstructure/DataForests/IonPhysics0/OO_Data_PromptReco_IonPhsyics0/260306_195006/0000/HiForestMiniAOD_371.root
Processing file 85 of 212: /eos/cms/store/group/phys_heavyions/hbossi/OOJetSubstructure/DataForests/IonPhysics0/OO_Data_PromptReco_IonPhsyics0/260306_195006/0000/HiForestMiniAOD_372.root
Processing file 86 of 212: /eos/cms/store/group/phys_heavyions/hbossi/OOJetSubstructure/DataForests/IonPhysics0/OO_Data_PromptReco_IonPhsyics0/260306_195006/0000/HiForestMiniAOD_373.root
Processing file 87 of 212: /eos/cms/store/group/phys_heavyions/hbossi/OOJetSubstructure/DataForests/IonPhysics0/OO_Data_PromptReco_IonPhsyics0/260306_195006/0000/HiForestMiniAOD_374.root
Processing file 88 of 212: /eos/cms/store/group/phys_heavyions/hbossi/OOJetSubstructure/DataForests/IonPhysics0/OO_Data_PromptReco_IonPhsyics0/260306_195006/0000/HiForestMiniAOD_376.root
Processing file 89 of 212: /eos/cms/store/group/phys_heavyions/hbossi/OOJetSubstructure/DataForests/IonPhysics0/OO_Data_PromptReco_IonPhsyics0/260306_195006/0000/HiForestMiniAOD_377.root
Processing file 90 of 212: /eos/cms/store/group/phys_heavyions/hbossi/OOJetSubstructure/DataForests/IonPhysics0/OO_Data_PromptReco_IonPhsyics0/260306_195006/0000/HiForestMiniAOD_379.root
Processing file 91 of 212: /eos/cms/store/group/phys_heavyions/hbossi/OOJetSubstructure/DataForests/IonPhysics0/OO_Data_PromptReco_IonPhsyics0/260306_195006/0000/HiForestMiniAOD_380.root
Processing file 92 of 212: /eos/cms/store/group/phys_heavyions/hbossi/OOJetSubstructure/DataForests/IonPhysics0/OO_Data_PromptReco_IonPhsyics0/260306_195006/0000/HiForestMiniAOD_381.root
Processing file 93 of 212: /eos/cms/store/group/phys_heavyions/hbossi/OOJetSubstructure/DataForests/IonPhysics0/OO_Data_PromptReco_IonPhsyics0/260306_195006/0000/HiForestMiniAOD_383.root
Processing file 94 of 212: /eos/cms/store/group/phys_heavyions/hbossi/OOJetSubstructure/DataForests/IonPhysics0/OO_Data_PromptReco_IonPhsyics0/260306_195006/0000/HiForestMiniAOD_385.root
Processing file 95 of 212: /eos/cms/store/group/phys_heavyions/hbossi/OOJetSubstructure/DataForests/IonPhysics0/OO_Data_PromptReco_IonPhsyics0/260306_195006/0000/HiForestMiniAOD_386.root
Processing file 96 of 212: /eos/cms/store/group/phys_heavyions/hbossi/OOJetSubstructure/DataForests/IonPhysics0/OO_Data_PromptReco_IonPhsyics0/260306_195006/0000/HiForestMiniAOD_388.root
Processing file 97 of 212: /eos/cms/store/group/phys_heavyions/hbossi/OOJetSubstructure/DataForests/IonPhysics0/OO_Data_PromptReco_IonPhsyics0/260306_195006/0000/HiForestMiniAOD_390.root
Processing file 98 of 212: /eos/cms/store/group/phys_heavyions/hbossi/OOJetSubstructure/DataForests/IonPhysics0/OO_Data_PromptReco_IonPhsyics0/260306_195006/0000/HiForestMiniAOD_391.root
Processing file 99 of 212: /eos/cms/store/group/phys_heavyions/hbossi/OOJetSubstructure/DataForests/IonPhysics0/OO_Data_PromptReco_IonPhsyics0/260306_195006/0000/HiForestMiniAOD_392.root
Processing file 100 of 212: /eos/cms/store/group/phys_heavyions/hbossi/OOJetSubstructure/DataForests/IonPhysics0/OO_Data_PromptReco_IonPhsyics0/260306_195006/0000/HiForestMiniAOD_393.root
Processing file 101 of 212: /eos/cms/store/group/phys_heavyions/hbossi/OOJetSubstructure/DataForests/IonPhysics0/OO_Data_PromptReco_IonPhsyics0/260306_195006/0000/HiForestMiniAOD_394.root
Processing file 102 of 212: /eos/cms/store/group/phys_heavyions/hbossi/OOJetSubstructure/DataForests/IonPhysics0/OO_Data_PromptReco_IonPhsyics0/260306_195006/0000/HiForestMiniAOD_395.root
Processing file 103 of 212: /eos/cms/store/group/phys_heavyions/hbossi/OOJetSubstructure/DataForests/IonPhysics0/OO_Data_PromptReco_IonPhsyics0/260306_195006/0000/HiForestMiniAOD_397.root
Processing file 104 of 212: /eos/cms/store/group/phys_heavyions/hbossi/OOJetSubstructure/DataForests/IonPhysics0/OO_Data_PromptReco_IonPhsyics0/260306_195006/0000/HiForestMiniAOD_398.root
Processing file 105 of 212: /eos/cms/store/group/phys_heavyions/hbossi/OOJetSubstructure/DataForests/IonPhysics0/OO_Data_PromptReco_IonPhsyics0/260306_195006/0000/HiForestMiniAOD_399.root
Processing file 106 of 212: /eos/cms/store/group/phys_heavyions/hbossi/OOJetSubstructure/DataForests/IonPhysics0/OO_Data_PromptReco_IonPhsyics0/260306_195006/0000/HiForestMiniAOD_400.root
Processing file 107 of 212: /eos/cms/store/group/phys_heavyions/hbossi/OOJetSubstructure/DataForests/IonPhysics0/OO_Data_PromptReco_IonPhsyics0/260306_195006/0000/HiForestMiniAOD_401.root
Processing file 108 of 212: /eos/cms/store/group/phys_heavyions/hbossi/OOJetSubstructure/DataForests/IonPhysics0/OO_Data_PromptReco_IonPhsyics0/260306_195006/0000/HiForestMiniAOD_402.root
Processing file 109 of 212: /eos/cms/store/group/phys_heavyions/hbossi/OOJetSubstructure/DataForests/IonPhysics0/OO_Data_PromptReco_IonPhsyics0/260306_195006/0000/HiForestMiniAOD_403.root
Processing file 110 of 212: /eos/cms/store/group/phys_heavyions/hbossi/OOJetSubstructure/DataForests/IonPhysics0/OO_Data_PromptReco_IonPhsyics0/260306_195006/0000/HiForestMiniAOD_405.root
Processing file 111 of 212: /eos/cms/store/group/phys_heavyions/hbossi/OOJetSubstructure/DataForests/IonPhysics0/OO_Data_PromptReco_IonPhsyics0/260306_195006/0000/HiForestMiniAOD_406.root
Processing file 112 of 212: /eos/cms/store/group/phys_heavyions/hbossi/OOJetSubstructure/DataForests/IonPhysics0/OO_Data_PromptReco_IonPhsyics0/260306_195006/0000/HiForestMiniAOD_407.root
Processing file 113 of 212: /eos/cms/store/group/phys_heavyions/hbossi/OOJetSubstructure/DataForests/IonPhysics0/OO_Data_PromptReco_IonPhsyics0/260306_195006/0000/HiForestMiniAOD_408.root
Processing file 114 of 212: /eos/cms/store/group/phys_heavyions/hbossi/OOJetSubstructure/DataForests/IonPhysics0/OO_Data_PromptReco_IonPhsyics0/260306_195006/0000/HiForestMiniAOD_409.root
Processing file 115 of 212: /eos/cms/store/group/phys_heavyions/hbossi/OOJetSubstructure/DataForests/IonPhysics0/OO_Data_PromptReco_IonPhsyics0/260306_195006/0000/HiForestMiniAOD_410.root
Processing file 116 of 212: /eos/cms/store/group/phys_heavyions/hbossi/OOJetSubstructure/DataForests/IonPhysics0/OO_Data_PromptReco_IonPhsyics0/260306_195006/0000/HiForestMiniAOD_414.root
Processing file 117 of 212: /eos/cms/store/group/phys_heavyions/hbossi/OOJetSubstructure/DataForests/IonPhysics0/OO_Data_PromptReco_IonPhsyics0/260306_195006/0000/HiForestMiniAOD_425.root
Processing file 118 of 212: /eos/cms/store/group/phys_heavyions/hbossi/OOJetSubstructure/DataForests/IonPhysics0/OO_Data_PromptReco_IonPhsyics0/260306_195006/0000/HiForestMiniAOD_426.root
Processing file 119 of 212: /eos/cms/store/group/phys_heavyions/hbossi/OOJetSubstructure/DataForests/IonPhysics0/OO_Data_PromptReco_IonPhsyics0/260306_195006/0000/HiForestMiniAOD_427.root
Processing file 120 of 212: /eos/cms/store/group/phys_heavyions/hbossi/OOJetSubstructure/DataForests/IonPhysics0/OO_Data_PromptReco_IonPhsyics0/260306_195006/0000/HiForestMiniAOD_431.root
Processing file 121 of 212: /eos/cms/store/group/phys_heavyions/hbossi/OOJetSubstructure/DataForests/IonPhysics0/OO_Data_PromptReco_IonPhsyics0/260306_195006/0000/HiForestMiniAOD_432.root
Processing file 122 of 212: /eos/cms/store/group/phys_heavyions/hbossi/OOJetSubstructure/DataForests/IonPhysics0/OO_Data_PromptReco_IonPhsyics0/260306_195006/0000/HiForestMiniAOD_433.root
Processing file 123 of 212: /eos/cms/store/group/phys_heavyions/hbossi/OOJetSubstructure/DataForests/IonPhysics0/OO_Data_PromptReco_IonPhsyics0/260306_195006/0000/HiForestMiniAOD_435.root
Processing file 124 of 212: /eos/cms/store/group/phys_heavyions/hbossi/OOJetSubstructure/DataForests/IonPhysics0/OO_Data_PromptReco_IonPhsyics0/260306_195006/0000/HiForestMiniAOD_438.root
Processing file 125 of 212: /eos/cms/store/group/phys_heavyions/hbossi/OOJetSubstructure/DataForests/IonPhysics0/OO_Data_PromptReco_IonPhsyics0/260306_195006/0000/HiForestMiniAOD_439.root
Processing file 126 of 212: /eos/cms/store/group/phys_heavyions/hbossi/OOJetSubstructure/DataForests/IonPhysics0/OO_Data_PromptReco_IonPhsyics0/260306_195006/0000/HiForestMiniAOD_44.root
Processing file 127 of 212: /eos/cms/store/group/phys_heavyions/hbossi/OOJetSubstructure/DataForests/IonPhysics0/OO_Data_PromptReco_IonPhsyics0/260306_195006/0000/HiForestMiniAOD_440.root
Processing file 128 of 212: /eos/cms/store/group/phys_heavyions/hbossi/OOJetSubstructure/DataForests/IonPhysics0/OO_Data_PromptReco_IonPhsyics0/260306_195006/0000/HiForestMiniAOD_441.root
Processing file 129 of 212: /eos/cms/store/group/phys_heavyions/hbossi/OOJetSubstructure/DataForests/IonPhysics0/OO_Data_PromptReco_IonPhsyics0/260306_195006/0000/HiForestMiniAOD_442.root
Processing file 130 of 212: /eos/cms/store/group/phys_heavyions/hbossi/OOJetSubstructure/DataForests/IonPhysics0/OO_Data_PromptReco_IonPhsyics0/260306_195006/0000/HiForestMiniAOD_443.root
Processing file 131 of 212: /eos/cms/store/group/phys_heavyions/hbossi/OOJetSubstructure/DataForests/IonPhysics0/OO_Data_PromptReco_IonPhsyics0/260306_195006/0000/HiForestMiniAOD_444.root
Processing file 132 of 212: /eos/cms/store/group/phys_heavyions/hbossi/OOJetSubstructure/DataForests/IonPhysics0/OO_Data_PromptReco_IonPhsyics0/260306_195006/0000/HiForestMiniAOD_445.root
Processing file 133 of 212: /eos/cms/store/group/phys_heavyions/hbossi/OOJetSubstructure/DataForests/IonPhysics0/OO_Data_PromptReco_IonPhsyics0/260306_195006/0000/HiForestMiniAOD_448.root
Processing file 134 of 212: /eos/cms/store/group/phys_heavyions/hbossi/OOJetSubstructure/DataForests/IonPhysics0/OO_Data_PromptReco_IonPhsyics0/260306_195006/0000/HiForestMiniAOD_449.root
Processing file 135 of 212: /eos/cms/store/group/phys_heavyions/hbossi/OOJetSubstructure/DataForests/IonPhysics0/OO_Data_PromptReco_IonPhsyics0/260306_195006/0000/HiForestMiniAOD_450.root
Processing file 136 of 212: /eos/cms/store/group/phys_heavyions/hbossi/OOJetSubstructure/DataForests/IonPhysics0/OO_Data_PromptReco_IonPhsyics0/260306_195006/0000/HiForestMiniAOD_451.root
Processing file 137 of 212: /eos/cms/store/group/phys_heavyions/hbossi/OOJetSubstructure/DataForests/IonPhysics0/OO_Data_PromptReco_IonPhsyics0/260306_195006/0000/HiForestMiniAOD_457.root
Processing file 138 of 212: /eos/cms/store/group/phys_heavyions/hbossi/OOJetSubstructure/DataForests/IonPhysics0/OO_Data_PromptReco_IonPhsyics0/260306_195006/0000/HiForestMiniAOD_458.root
Processing file 139 of 212: /eos/cms/store/group/phys_heavyions/hbossi/OOJetSubstructure/DataForests/IonPhysics0/OO_Data_PromptReco_IonPhsyics0/260306_195006/0000/HiForestMiniAOD_459.root
Processing file 140 of 212: /eos/cms/store/group/phys_heavyions/hbossi/OOJetSubstructure/DataForests/IonPhysics0/OO_Data_PromptReco_IonPhsyics0/260306_195006/0000/HiForestMiniAOD_460.root
Processing file 141 of 212: /eos/cms/store/group/phys_heavyions/hbossi/OOJetSubstructure/DataForests/IonPhysics0/OO_Data_PromptReco_IonPhsyics0/260306_195006/0000/HiForestMiniAOD_466.root
Processing file 142 of 212: /eos/cms/store/group/phys_heavyions/hbossi/OOJetSubstructure/DataForests/IonPhysics0/OO_Data_PromptReco_IonPhsyics0/260306_195006/0000/HiForestMiniAOD_467.root
Processing file 143 of 212: /eos/cms/store/group/phys_heavyions/hbossi/OOJetSubstructure/DataForests/IonPhysics0/OO_Data_PromptReco_IonPhsyics0/260306_195006/0000/HiForestMiniAOD_470.root
Processing file 144 of 212: /eos/cms/store/group/phys_heavyions/hbossi/OOJetSubstructure/DataForests/IonPhysics0/OO_Data_PromptReco_IonPhsyics0/260306_195006/0000/HiForestMiniAOD_471.root
Processing file 145 of 212: /eos/cms/store/group/phys_heavyions/hbossi/OOJetSubstructure/DataForests/IonPhysics0/OO_Data_PromptReco_IonPhsyics0/260306_195006/0000/HiForestMiniAOD_472.root
Processing file 146 of 212: /eos/cms/store/group/phys_heavyions/hbossi/OOJetSubstructure/DataForests/IonPhysics0/OO_Data_PromptReco_IonPhsyics0/260306_195006/0000/HiForestMiniAOD_474.root
Processing file 147 of 212: /eos/cms/store/group/phys_heavyions/hbossi/OOJetSubstructure/DataForests/IonPhysics0/OO_Data_PromptReco_IonPhsyics0/260306_195006/0000/HiForestMiniAOD_480.root
Processing file 148 of 212: /eos/cms/store/group/phys_heavyions/hbossi/OOJetSubstructure/DataForests/IonPhysics0/OO_Data_PromptReco_IonPhsyics0/260306_195006/0000/HiForestMiniAOD_483.root
Processing file 149 of 212: /eos/cms/store/group/phys_heavyions/hbossi/OOJetSubstructure/DataForests/IonPhysics0/OO_Data_PromptReco_IonPhsyics0/260306_195006/0000/HiForestMiniAOD_486.root
Processing file 150 of 212: /eos/cms/store/group/phys_heavyions/hbossi/OOJetSubstructure/DataForests/IonPhysics0/OO_Data_PromptReco_IonPhsyics0/260306_195006/0000/HiForestMiniAOD_488.root
Processing file 151 of 212: /eos/cms/store/group/phys_heavyions/hbossi/OOJetSubstructure/DataForests/IonPhysics0/OO_Data_PromptReco_IonPhsyics0/260306_195006/0000/HiForestMiniAOD_489.root
Processing file 152 of 212: /eos/cms/store/group/phys_heavyions/hbossi/OOJetSubstructure/DataForests/IonPhysics0/OO_Data_PromptReco_IonPhsyics0/260306_195006/0000/HiForestMiniAOD_491.root
Processing file 153 of 212: /eos/cms/store/group/phys_heavyions/hbossi/OOJetSubstructure/DataForests/IonPhysics0/OO_Data_PromptReco_IonPhsyics0/260306_195006/0000/HiForestMiniAOD_492.root
Processing file 154 of 212: /eos/cms/store/group/phys_heavyions/hbossi/OOJetSubstructure/DataForests/IonPhysics0/OO_Data_PromptReco_IonPhsyics0/260306_195006/0000/HiForestMiniAOD_493.root
Processing file 155 of 212: /eos/cms/store/group/phys_heavyions/hbossi/OOJetSubstructure/DataForests/IonPhysics0/OO_Data_PromptReco_IonPhsyics0/260306_195006/0000/HiForestMiniAOD_496.root
Processing file 156 of 212: /eos/cms/store/group/phys_heavyions/hbossi/OOJetSubstructure/DataForests/IonPhysics0/OO_Data_PromptReco_IonPhsyics0/260306_195006/0000/HiForestMiniAOD_498.root
Processing file 157 of 212: /eos/cms/store/group/phys_heavyions/hbossi/OOJetSubstructure/DataForests/IonPhysics0/OO_Data_PromptReco_IonPhsyics0/260306_195006/0000/HiForestMiniAOD_499.root
Processing file 158 of 212: /eos/cms/store/group/phys_heavyions/hbossi/OOJetSubstructure/DataForests/IonPhysics0/OO_Data_PromptReco_IonPhsyics0/260306_195006/0000/HiForestMiniAOD_502.root
Processing file 159 of 212: /eos/cms/store/group/phys_heavyions/hbossi/OOJetSubstructure/DataForests/IonPhysics0/OO_Data_PromptReco_IonPhsyics0/260306_195006/0000/HiForestMiniAOD_504.root
Processing file 160 of 212: /eos/cms/store/group/phys_heavyions/hbossi/OOJetSubstructure/DataForests/IonPhysics0/OO_Data_PromptReco_IonPhsyics0/260306_195006/0000/HiForestMiniAOD_505.root
Processing file 161 of 212: /eos/cms/store/group/phys_heavyions/hbossi/OOJetSubstructure/DataForests/IonPhysics0/OO_Data_PromptReco_IonPhsyics0/260306_195006/0000/HiForestMiniAOD_506.root
Processing file 162 of 212: /eos/cms/store/group/phys_heavyions/hbossi/OOJetSubstructure/DataForests/IonPhysics0/OO_Data_PromptReco_IonPhsyics0/260306_195006/0000/HiForestMiniAOD_507.root
Processing file 163 of 212: /eos/cms/store/group/phys_heavyions/hbossi/OOJetSubstructure/DataForests/IonPhysics0/OO_Data_PromptReco_IonPhsyics0/260306_195006/0000/HiForestMiniAOD_508.root
Processing file 164 of 212: /eos/cms/store/group/phys_heavyions/hbossi/OOJetSubstructure/DataForests/IonPhysics0/OO_Data_PromptReco_IonPhsyics0/260306_195006/0000/HiForestMiniAOD_516.root
Processing file 165 of 212: /eos/cms/store/group/phys_heavyions/hbossi/OOJetSubstructure/DataForests/IonPhysics0/OO_Data_PromptReco_IonPhsyics0/260306_195006/0000/HiForestMiniAOD_517.root
Processing file 166 of 212: /eos/cms/store/group/phys_heavyions/hbossi/OOJetSubstructure/DataForests/IonPhysics0/OO_Data_PromptReco_IonPhsyics0/260306_195006/0000/HiForestMiniAOD_518.root
Processing file 167 of 212: /eos/cms/store/group/phys_heavyions/hbossi/OOJetSubstructure/DataForests/IonPhysics0/OO_Data_PromptReco_IonPhsyics0/260306_195006/0000/HiForestMiniAOD_519.root
Processing file 168 of 212: /eos/cms/store/group/phys_heavyions/hbossi/OOJetSubstructure/DataForests/IonPhysics0/OO_Data_PromptReco_IonPhsyics0/260306_195006/0000/HiForestMiniAOD_520.root
Processing file 169 of 212: /eos/cms/store/group/phys_heavyions/hbossi/OOJetSubstructure/DataForests/IonPhysics0/OO_Data_PromptReco_IonPhsyics0/260306_195006/0000/HiForestMiniAOD_523.root
Processing file 170 of 212: /eos/cms/store/group/phys_heavyions/hbossi/OOJetSubstructure/DataForests/IonPhysics0/OO_Data_PromptReco_IonPhsyics0/260306_195006/0000/HiForestMiniAOD_526.root
Processing file 171 of 212: /eos/cms/store/group/phys_heavyions/hbossi/OOJetSubstructure/DataForests/IonPhysics0/OO_Data_PromptReco_IonPhsyics0/260306_195006/0000/HiForestMiniAOD_528.root
Processing file 172 of 212: /eos/cms/store/group/phys_heavyions/hbossi/OOJetSubstructure/DataForests/IonPhysics0/OO_Data_PromptReco_IonPhsyics0/260306_195006/0000/HiForestMiniAOD_529.root
Processing file 173 of 212: /eos/cms/store/group/phys_heavyions/hbossi/OOJetSubstructure/DataForests/IonPhysics0/OO_Data_PromptReco_IonPhsyics0/260306_195006/0000/HiForestMiniAOD_530.root
Processing file 174 of 212: /eos/cms/store/group/phys_heavyions/hbossi/OOJetSubstructure/DataForests/IonPhysics0/OO_Data_PromptReco_IonPhsyics0/260306_195006/0000/HiForestMiniAOD_532.root
Processing file 175 of 212: /eos/cms/store/group/phys_heavyions/hbossi/OOJetSubstructure/DataForests/IonPhysics0/OO_Data_PromptReco_IonPhsyics0/260306_195006/0000/HiForestMiniAOD_535.root
Processing file 176 of 212: /eos/cms/store/group/phys_heavyions/hbossi/OOJetSubstructure/DataForests/IonPhysics0/OO_Data_PromptReco_IonPhsyics0/260306_195006/0000/HiForestMiniAOD_538.root
Processing file 177 of 212: /eos/cms/store/group/phys_heavyions/hbossi/OOJetSubstructure/DataForests/IonPhysics0/OO_Data_PromptReco_IonPhsyics0/260306_195006/0000/HiForestMiniAOD_539.root
Processing file 178 of 212: /eos/cms/store/group/phys_heavyions/hbossi/OOJetSubstructure/DataForests/IonPhysics0/OO_Data_PromptReco_IonPhsyics0/260306_195006/0000/HiForestMiniAOD_542.root
Processing file 179 of 212: /eos/cms/store/group/phys_heavyions/hbossi/OOJetSubstructure/DataForests/IonPhysics0/OO_Data_PromptReco_IonPhsyics0/260306_195006/0000/HiForestMiniAOD_545.root
Processing file 180 of 212: /eos/cms/store/group/phys_heavyions/hbossi/OOJetSubstructure/DataForests/IonPhysics0/OO_Data_PromptReco_IonPhsyics0/260306_195006/0000/HiForestMiniAOD_547.root
Processing file 181 of 212: /eos/cms/store/group/phys_heavyions/hbossi/OOJetSubstructure/DataForests/IonPhysics0/OO_Data_PromptReco_IonPhsyics0/260306_195006/0000/HiForestMiniAOD_55.root
Processing file 182 of 212: /eos/cms/store/group/phys_heavyions/hbossi/OOJetSubstructure/DataForests/IonPhysics0/OO_Data_PromptReco_IonPhsyics0/260306_195006/0000/HiForestMiniAOD_550.root
Processing file 183 of 212: /eos/cms/store/group/phys_heavyions/hbossi/OOJetSubstructure/DataForests/IonPhysics0/OO_Data_PromptReco_IonPhsyics0/260306_195006/0000/HiForestMiniAOD_551.root
Processing file 184 of 212: /eos/cms/store/group/phys_heavyions/hbossi/OOJetSubstructure/DataForests/IonPhysics0/OO_Data_PromptReco_IonPhsyics0/260306_195006/0000/HiForestMiniAOD_552.root
Processing file 185 of 212: /eos/cms/store/group/phys_heavyions/hbossi/OOJetSubstructure/DataForests/IonPhysics0/OO_Data_PromptReco_IonPhsyics0/260306_195006/0000/HiForestMiniAOD_554.root
Processing file 186 of 212: /eos/cms/store/group/phys_heavyions/hbossi/OOJetSubstructure/DataForests/IonPhysics0/OO_Data_PromptReco_IonPhsyics0/260306_195006/0000/HiForestMiniAOD_558.root
Processing file 187 of 212: /eos/cms/store/group/phys_heavyions/hbossi/OOJetSubstructure/DataForests/IonPhysics0/OO_Data_PromptReco_IonPhsyics0/260306_195006/0000/HiForestMiniAOD_561.root
Processing file 188 of 212: /eos/cms/store/group/phys_heavyions/hbossi/OOJetSubstructure/DataForests/IonPhysics0/OO_Data_PromptReco_IonPhsyics0/260306_195006/0000/HiForestMiniAOD_562.root
Processing file 189 of 212: /eos/cms/store/group/phys_heavyions/hbossi/OOJetSubstructure/DataForests/IonPhysics0/OO_Data_PromptReco_IonPhsyics0/260306_195006/0000/HiForestMiniAOD_567.root
Processing file 190 of 212: /eos/cms/store/group/phys_heavyions/hbossi/OOJetSubstructure/DataForests/IonPhysics0/OO_Data_PromptReco_IonPhsyics0/260306_195006/0000/HiForestMiniAOD_568.root
Processing file 191 of 212: /eos/cms/store/group/phys_heavyions/hbossi/OOJetSubstructure/DataForests/IonPhysics0/OO_Data_PromptReco_IonPhsyics0/260306_195006/0000/HiForestMiniAOD_572.root
Processing file 192 of 212: /eos/cms/store/group/phys_heavyions/hbossi/OOJetSubstructure/DataForests/IonPhysics0/OO_Data_PromptReco_IonPhsyics0/260306_195006/0000/HiForestMiniAOD_575.root
Processing file 193 of 212: /eos/cms/store/group/phys_heavyions/hbossi/OOJetSubstructure/DataForests/IonPhysics0/OO_Data_PromptReco_IonPhsyics0/260306_195006/0000/HiForestMiniAOD_577.root
Processing file 194 of 212: /eos/cms/store/group/phys_heavyions/hbossi/OOJetSubstructure/DataForests/IonPhysics0/OO_Data_PromptReco_IonPhsyics0/260306_195006/0000/HiForestMiniAOD_578.root
Processing file 195 of 212: /eos/cms/store/group/phys_heavyions/hbossi/OOJetSubstructure/DataForests/IonPhysics0/OO_Data_PromptReco_IonPhsyics0/260306_195006/0000/HiForestMiniAOD_580.root
Processing file 196 of 212: /eos/cms/store/group/phys_heavyions/hbossi/OOJetSubstructure/DataForests/IonPhysics0/OO_Data_PromptReco_IonPhsyics0/260306_195006/0000/HiForestMiniAOD_581.root
Processing file 197 of 212: /eos/cms/store/group/phys_heavyions/hbossi/OOJetSubstructure/DataForests/IonPhysics0/OO_Data_PromptReco_IonPhsyics0/260306_195006/0000/HiForestMiniAOD_583.root
Processing file 198 of 212: /eos/cms/store/group/phys_heavyions/hbossi/OOJetSubstructure/DataForests/IonPhysics0/OO_Data_PromptReco_IonPhsyics0/260306_195006/0000/HiForestMiniAOD_584.root
Processing file 199 of 212: /eos/cms/store/group/phys_heavyions/hbossi/OOJetSubstructure/DataForests/IonPhysics0/OO_Data_PromptReco_IonPhsyics0/260306_195006/0000/HiForestMiniAOD_587.root
Processing file 200 of 212: /eos/cms/store/group/phys_heavyions/hbossi/OOJetSubstructure/DataForests/IonPhysics0/OO_Data_PromptReco_IonPhsyics0/260306_195006/0000/HiForestMiniAOD_588.root
Processing file 201 of 212: /eos/cms/store/group/phys_heavyions/hbossi/OOJetSubstructure/DataForests/IonPhysics0/OO_Data_PromptReco_IonPhsyics0/260306_195006/0000/HiForestMiniAOD_589.root
Processing file 202 of 212: /eos/cms/store/group/phys_heavyions/hbossi/OOJetSubstructure/DataForests/IonPhysics0/OO_Data_PromptReco_IonPhsyics0/260306_195006/0000/HiForestMiniAOD_591.root
Processing file 203 of 212: /eos/cms/store/group/phys_heavyions/hbossi/OOJetSubstructure/DataForests/IonPhysics0/OO_Data_PromptReco_IonPhsyics0/260306_195006/0000/HiForestMiniAOD_593.root
Processing file 204 of 212: /eos/cms/store/group/phys_heavyions/hbossi/OOJetSubstructure/DataForests/IonPhysics0/OO_Data_PromptReco_IonPhsyics0/260306_195006/0000/HiForestMiniAOD_595.root
Processing file 205 of 212: /eos/cms/store/group/phys_heavyions/hbossi/OOJetSubstructure/DataForests/IonPhysics0/OO_Data_PromptReco_IonPhsyics0/260306_195006/0000/HiForestMiniAOD_598.root
Processing file 206 of 212: /eos/cms/store/group/phys_heavyions/hbossi/OOJetSubstructure/DataForests/IonPhysics0/OO_Data_PromptReco_IonPhsyics0/260306_195006/0000/HiForestMiniAOD_600.root
Processing file 207 of 212: /eos/cms/store/group/phys_heavyions/hbossi/OOJetSubstructure/DataForests/IonPhysics0/OO_Data_PromptReco_IonPhsyics0/260306_195006/0000/HiForestMiniAOD_602.root
Processing file 208 of 212: /eos/cms/store/group/phys_heavyions/hbossi/OOJetSubstructure/DataForests/IonPhysics0/OO_Data_PromptReco_IonPhsyics0/260306_195006/0000/HiForestMiniAOD_604.root
Processing file 209 of 212: /eos/cms/store/group/phys_heavyions/hbossi/OOJetSubstructure/DataForests/IonPhysics0/OO_Data_PromptReco_IonPhsyics0/260306_195006/0000/HiForestMiniAOD_605.root
Processing file 210 of 212: /eos/cms/store/group/phys_heavyions/hbossi/OOJetSubstructure/DataForests/IonPhysics0/OO_Data_PromptReco_IonPhsyics0/260306_195006/0000/HiForestMiniAOD_606.root
Processing file 211 of 212: /eos/cms/store/group/phys_heavyions/hbossi/OOJetSubstructure/DataForests/IonPhysics0/OO_Data_PromptReco_IonPhsyics0/260306_195006/0000/HiForestMiniAOD_607.root
Processing file 212 of 212: /eos/cms/store/group/phys_heavyions/hbossi/OOJetSubstructure/DataForests/IonPhysics0/OO_Data_PromptReco_IonPhsyics0/260306_195006/0000/HiForestMiniAOD_93.root

=== PROCESSING SUMMARY ===
NMatches: 0
NMisses: 0
NFakes: 0
=======================

=== TIMING SUMMARY ===
Total processing time: 2h 18m 30.69s
Events processed per second: 11239.4 Hz
Average time per event: 0.0889727 ms
=======================

=== MEMORY SUMMARY ===
Peak memory usage: 398.602 MB
Memory cleanup completed.
=======================
Cuts applied: L1 MinBias Trigger;Cluster Compatibility Filter;Primary Vertex Filter;HF E_{Max}+ AND HF E_{Max}- > 14;Jet PF CEF < 0.8;Jet PF NEF < 0.8;Jet PF MUF < 0.8;Jet PF CHM > 0;Match iff Reco&Gen pT > 30.0 GeV/c;Jet |eta| < 1.6;
General info: NEntries: 93.4M;Sample: Data;Tag: Data_xrd;EventsBeforeCuts: 93407205;EventsAfterCuts: 33666208;EventCutEfficiency: 36.04%;JetsBeforeSelection: 45257624;JetsAfterSelection: 45175106;JetSelectionEfficiency: 99.82%;TotalJetsProcessed: 53474649;TotalProcessingTime: 2h 18m 30.69s;NMiss: 0;NFake: 0;NMatch: 0;MC: No;
