   ------------------------------------------------------------------
  | Welcome to ROOT 6.30/08                        https://root.cern |
  | (c) 1995-2024, The ROOT Team; conception: R. Brun, F. Rademakers |
  | Built for linuxx8664gcc on Apr 19 2025, 17:03:44                 |
  | From heads/master@tags/v6-30-08                                  |
  | With c++ (GCC) 8.5.0 20210514 (Red Hat 8.5.0-26)                 |
  | Try '.help'/'.?', '.demo', '.license', '.credits', '.quit'/'.q'  |
   ------------------------------------------------------------------


Processing EfficiencyCalcJetcuts.cpp...
Adding file: /eos/cms/store/group/phys_heavyions/hbossi/OOJetSubstructure/DataForests/IonPhysics0/OO_Data_PromptReco_IonPhsyics0/260306_195006/0000/HiForestMiniAOD_112.root
Adding file: /eos/cms/store/group/phys_heavyions/hbossi/OOJetSubstructure/DataForests/IonPhysics0/OO_Data_PromptReco_IonPhsyics0/260306_195006/0000/HiForestMiniAOD_140.root
Adding file: /eos/cms/store/group/phys_heavyions/hbossi/OOJetSubstructure/DataForests/IonPhysics0/OO_Data_PromptReco_IonPhsyics0/260306_195006/0000/HiForestMiniAOD_163.root
Adding file: /eos/cms/store/group/phys_heavyions/hbossi/OOJetSubstructure/DataForests/IonPhysics0/OO_Data_PromptReco_IonPhsyics0/260306_195006/0000/HiForestMiniAOD_185.root
Adding file: /eos/cms/store/group/phys_heavyions/hbossi/OOJetSubstructure/DataForests/IonPhysics0/OO_Data_PromptReco_IonPhsyics0/260306_195006/0000/HiForestMiniAOD_192.root
Adding file: /eos/cms/store/group/phys_heavyions/hbossi/OOJetSubstructure/DataForests/IonPhysics0/OO_Data_PromptReco_IonPhsyics0/260306_195006/0000/HiForestMiniAOD_194.root
Adding file: /eos/cms/store/group/phys_heavyions/hbossi/OOJetSubstructure/DataForests/IonPhysics0/OO_Data_PromptReco_IonPhsyics0/260306_195006/0000/HiForestMiniAOD_197.root
Adding file: /eos/cms/store/group/phys_heavyions/hbossi/OOJetSubstructure/DataForests/IonPhysics0/OO_Data_PromptReco_IonPhsyics0/260306_195006/0000/HiForestMiniAOD_204.root
Adding file: /eos/cms/store/group/phys_heavyions/hbossi/OOJetSubstructure/DataForests/IonPhysics0/OO_Data_PromptReco_IonPhsyics0/260306_195006/0000/HiForestMiniAOD_214.root
Adding file: /eos/cms/store/group/phys_heavyions/hbossi/OOJetSubstructure/DataForests/IonPhysics0/OO_Data_PromptReco_IonPhsyics0/260306_195006/0000/HiForestMiniAOD_222.root
Adding file: /eos/cms/store/group/phys_heavyions/hbossi/OOJetSubstructure/DataForests/IonPhysics0/OO_Data_PromptReco_IonPhsyics0/260306_195006/0000/HiForestMiniAOD_228.root
Adding file: /eos/cms/store/group/phys_heavyions/hbossi/OOJetSubstructure/DataForests/IonPhysics0/OO_Data_PromptReco_IonPhsyics0/260306_195006/0000/HiForestMiniAOD_229.root
Adding file: /eos/cms/store/group/phys_heavyions/hbossi/OOJetSubstructure/DataForests/IonPhysics0/OO_Data_PromptReco_IonPhsyics0/260306_195006/0000/HiForestMiniAOD_231.root
Adding file: /eos/cms/store/group/phys_heavyions/hbossi/OOJetSubstructure/DataForests/IonPhysics0/OO_Data_PromptReco_IonPhsyics0/260306_195006/0000/HiForestMiniAOD_234.root
Adding file: /eos/cms/store/group/phys_heavyions/hbossi/OOJetSubstructure/DataForests/IonPhysics0/OO_Data_PromptReco_IonPhsyics0/260306_195006/0000/HiForestMiniAOD_237.root
Adding file: /eos/cms/store/group/phys_heavyions/hbossi/OOJetSubstructure/DataForests/IonPhysics0/OO_Data_PromptReco_IonPhsyics0/260306_195006/0000/HiForestMiniAOD_238.root
Adding file: /eos/cms/store/group/phys_heavyions/hbossi/OOJetSubstructure/DataForests/IonPhysics0/OO_Data_PromptReco_IonPhsyics0/260306_195006/0000/HiForestMiniAOD_239.root
Adding file: /eos/cms/store/group/phys_heavyions/hbossi/OOJetSubstructure/DataForests/IonPhysics0/OO_Data_PromptReco_IonPhsyics0/260306_195006/0000/HiForestMiniAOD_240.root
Adding file: /eos/cms/store/group/phys_heavyions/hbossi/OOJetSubstructure/DataForests/IonPhysics0/OO_Data_PromptReco_IonPhsyics0/260306_195006/0000/HiForestMiniAOD_241.root
Adding file: /eos/cms/store/group/phys_heavyions/hbossi/OOJetSubstructure/DataForests/IonPhysics0/OO_Data_PromptReco_IonPhsyics0/260306_195006/0000/HiForestMiniAOD_242.root
Adding file: /eos/cms/store/group/phys_heavyions/hbossi/OOJetSubstructure/DataForests/IonPhysics0/OO_Data_PromptReco_IonPhsyics0/260306_195006/0000/HiForestMiniAOD_245.root
Adding file: /eos/cms/store/group/phys_heavyions/hbossi/OOJetSubstructure/DataForests/IonPhysics0/OO_Data_PromptReco_IonPhsyics0/260306_195006/0000/HiForestMiniAOD_248.root
Adding file: /eos/cms/store/group/phys_heavyions/hbossi/OOJetSubstructure/DataForests/IonPhysics0/OO_Data_PromptReco_IonPhsyics0/260306_195006/0000/HiForestMiniAOD_250.root
Adding file: /eos/cms/store/group/phys_heavyions/hbossi/OOJetSubstructure/DataForests/IonPhysics0/OO_Data_PromptReco_IonPhsyics0/260306_195006/0000/HiForestMiniAOD_252.root
Adding file: /eos/cms/store/group/phys_heavyions/hbossi/OOJetSubstructure/DataForests/IonPhysics0/OO_Data_PromptReco_IonPhsyics0/260306_195006/0000/HiForestMiniAOD_256.root
Adding file: /eos/cms/store/group/phys_heavyions/hbossi/OOJetSubstructure/DataForests/IonPhysics0/OO_Data_PromptReco_IonPhsyics0/260306_195006/0000/HiForestMiniAOD_257.root
Adding file: /eos/cms/store/group/phys_heavyions/hbossi/OOJetSubstructure/DataForests/IonPhysics0/OO_Data_PromptReco_IonPhsyics0/260306_195006/0000/HiForestMiniAOD_261.root
Adding file: /eos/cms/store/group/phys_heavyions/hbossi/OOJetSubstructure/DataForests/IonPhysics0/OO_Data_PromptReco_IonPhsyics0/260306_195006/0000/HiForestMiniAOD_263.root
Adding file: /eos/cms/store/group/phys_heavyions/hbossi/OOJetSubstructure/DataForests/IonPhysics0/OO_Data_PromptReco_IonPhsyics0/260306_195006/0000/HiForestMiniAOD_267.root
Adding file: /eos/cms/store/group/phys_heavyions/hbossi/OOJetSubstructure/DataForests/IonPhysics0/OO_Data_PromptReco_IonPhsyics0/260306_195006/0000/HiForestMiniAOD_270.root
Adding file: /eos/cms/store/group/phys_heavyions/hbossi/OOJetSubstructure/DataForests/IonPhysics0/OO_Data_PromptReco_IonPhsyics0/260306_195006/0000/HiForestMiniAOD_272.root
Adding file: /eos/cms/store/group/phys_heavyions/hbossi/OOJetSubstructure/DataForests/IonPhysics0/OO_Data_PromptReco_IonPhsyics0/260306_195006/0000/HiForestMiniAOD_274.root
Adding file: /eos/cms/store/group/phys_heavyions/hbossi/OOJetSubstructure/DataForests/IonPhysics0/OO_Data_PromptReco_IonPhsyics0/260306_195006/0000/HiForestMiniAOD_275.root
Adding file: /eos/cms/store/group/phys_heavyions/hbossi/OOJetSubstructure/DataForests/IonPhysics0/OO_Data_PromptReco_IonPhsyics0/260306_195006/0000/HiForestMiniAOD_276.root
Adding file: /eos/cms/store/group/phys_heavyions/hbossi/OOJetSubstructure/DataForests/IonPhysics0/OO_Data_PromptReco_IonPhsyics0/260306_195006/0000/HiForestMiniAOD_277.root
Adding file: /eos/cms/store/group/phys_heavyions/hbossi/OOJetSubstructure/DataForests/IonPhysics0/OO_Data_PromptReco_IonPhsyics0/260306_195006/0000/HiForestMiniAOD_281.root
Adding file: /eos/cms/store/group/phys_heavyions/hbossi/OOJetSubstructure/DataForests/IonPhysics0/OO_Data_PromptReco_IonPhsyics0/260306_195006/0000/HiForestMiniAOD_282.root
Adding file: /eos/cms/store/group/phys_heavyions/hbossi/OOJetSubstructure/DataForests/IonPhysics0/OO_Data_PromptReco_IonPhsyics0/260306_195006/0000/HiForestMiniAOD_283.root
Adding file: /eos/cms/store/group/phys_heavyions/hbossi/OOJetSubstructure/DataForests/IonPhysics0/OO_Data_PromptReco_IonPhsyics0/260306_195006/0000/HiForestMiniAOD_284.root
Adding file: /eos/cms/store/group/phys_heavyions/hbossi/OOJetSubstructure/DataForests/IonPhysics0/OO_Data_PromptReco_IonPhsyics0/260306_195006/0000/HiForestMiniAOD_286.root
Adding file: /eos/cms/store/group/phys_heavyions/hbossi/OOJetSubstructure/DataForests/IonPhysics0/OO_Data_PromptReco_IonPhsyics0/260306_195006/0000/HiForestMiniAOD_287.root
Adding file: /eos/cms/store/group/phys_heavyions/hbossi/OOJetSubstructure/DataForests/IonPhysics0/OO_Data_PromptReco_IonPhsyics0/260306_195006/0000/HiForestMiniAOD_289.root
Adding file: /eos/cms/store/group/phys_heavyions/hbossi/OOJetSubstructure/DataForests/IonPhysics0/OO_Data_PromptReco_IonPhsyics0/260306_195006/0000/HiForestMiniAOD_294.root
Adding file: /eos/cms/store/group/phys_heavyions/hbossi/OOJetSubstructure/DataForests/IonPhysics0/OO_Data_PromptReco_IonPhsyics0/260306_195006/0000/HiForestMiniAOD_295.root
Adding file: /eos/cms/store/group/phys_heavyions/hbossi/OOJetSubstructure/DataForests/IonPhysics0/OO_Data_PromptReco_IonPhsyics0/260306_195006/0000/HiForestMiniAOD_297.root
Adding file: /eos/cms/store/group/phys_heavyions/hbossi/OOJetSubstructure/DataForests/IonPhysics0/OO_Data_PromptReco_IonPhsyics0/260306_195006/0000/HiForestMiniAOD_299.root
Adding file: /eos/cms/store/group/phys_heavyions/hbossi/OOJetSubstructure/DataForests/IonPhysics0/OO_Data_PromptReco_IonPhsyics0/260306_195006/0000/HiForestMiniAOD_300.root
Adding file: /eos/cms/store/group/phys_heavyions/hbossi/OOJetSubstructure/DataForests/IonPhysics0/OO_Data_PromptReco_IonPhsyics0/260306_195006/0000/HiForestMiniAOD_301.root
Adding file: /eos/cms/store/group/phys_heavyions/hbossi/OOJetSubstructure/DataForests/IonPhysics0/OO_Data_PromptReco_IonPhsyics0/260306_195006/0000/HiForestMiniAOD_302.root
Adding file: /eos/cms/store/group/phys_heavyions/hbossi/OOJetSubstructure/DataForests/IonPhysics0/OO_Data_PromptReco_IonPhsyics0/260306_195006/0000/HiForestMiniAOD_303.root
Adding file: /eos/cms/store/group/phys_heavyions/hbossi/OOJetSubstructure/DataForests/IonPhysics0/OO_Data_PromptReco_IonPhsyics0/260306_195006/0000/HiForestMiniAOD_305.root
Adding file: /eos/cms/store/group/phys_heavyions/hbossi/OOJetSubstructure/DataForests/IonPhysics0/OO_Data_PromptReco_IonPhsyics0/260306_195006/0000/HiForestMiniAOD_308.root
Adding file: /eos/cms/store/group/phys_heavyions/hbossi/OOJetSubstructure/DataForests/IonPhysics0/OO_Data_PromptReco_IonPhsyics0/260306_195006/0000/HiForestMiniAOD_311.root
Adding file: /eos/cms/store/group/phys_heavyions/hbossi/OOJetSubstructure/DataForests/IonPhysics0/OO_Data_PromptReco_IonPhsyics0/260306_195006/0000/HiForestMiniAOD_315.root
Adding file: /eos/cms/store/group/phys_heavyions/hbossi/OOJetSubstructure/DataForests/IonPhysics0/OO_Data_PromptReco_IonPhsyics0/260306_195006/0000/HiForestMiniAOD_318.root
Adding file: /eos/cms/store/group/phys_heavyions/hbossi/OOJetSubstructure/DataForests/IonPhysics0/OO_Data_PromptReco_IonPhsyics0/260306_195006/0000/HiForestMiniAOD_319.root
Adding file: /eos/cms/store/group/phys_heavyions/hbossi/OOJetSubstructure/DataForests/IonPhysics0/OO_Data_PromptReco_IonPhsyics0/260306_195006/0000/HiForestMiniAOD_320.root
Adding file: /eos/cms/store/group/phys_heavyions/hbossi/OOJetSubstructure/DataForests/IonPhysics0/OO_Data_PromptReco_IonPhsyics0/260306_195006/0000/HiForestMiniAOD_321.root
Adding file: /eos/cms/store/group/phys_heavyions/hbossi/OOJetSubstructure/DataForests/IonPhysics0/OO_Data_PromptReco_IonPhsyics0/260306_195006/0000/HiForestMiniAOD_323.root
Adding file: /eos/cms/store/group/phys_heavyions/hbossi/OOJetSubstructure/DataForests/IonPhysics0/OO_Data_PromptReco_IonPhsyics0/260306_195006/0000/HiForestMiniAOD_324.root
Adding file: /eos/cms/store/group/phys_heavyions/hbossi/OOJetSubstructure/DataForests/IonPhysics0/OO_Data_PromptReco_IonPhsyics0/260306_195006/0000/HiForestMiniAOD_327.root
Adding file: /eos/cms/store/group/phys_heavyions/hbossi/OOJetSubstructure/DataForests/IonPhysics0/OO_Data_PromptReco_IonPhsyics0/260306_195006/0000/HiForestMiniAOD_329.root
Adding file: /eos/cms/store/group/phys_heavyions/hbossi/OOJetSubstructure/DataForests/IonPhysics0/OO_Data_PromptReco_IonPhsyics0/260306_195006/0000/HiForestMiniAOD_330.root
Adding file: /eos/cms/store/group/phys_heavyions/hbossi/OOJetSubstructure/DataForests/IonPhysics0/OO_Data_PromptReco_IonPhsyics0/260306_195006/0000/HiForestMiniAOD_331.root
Adding file: /eos/cms/store/group/phys_heavyions/hbossi/OOJetSubstructure/DataForests/IonPhysics0/OO_Data_PromptReco_IonPhsyics0/260306_195006/0000/HiForestMiniAOD_332.root
Adding file: /eos/cms/store/group/phys_heavyions/hbossi/OOJetSubstructure/DataForests/IonPhysics0/OO_Data_PromptReco_IonPhsyics0/260306_195006/0000/HiForestMiniAOD_333.root
Adding file: /eos/cms/store/group/phys_heavyions/hbossi/OOJetSubstructure/DataForests/IonPhysics0/OO_Data_PromptReco_IonPhsyics0/260306_195006/0000/HiForestMiniAOD_335.root
Adding file: /eos/cms/store/group/phys_heavyions/hbossi/OOJetSubstructure/DataForests/IonPhysics0/OO_Data_PromptReco_IonPhsyics0/260306_195006/0000/HiForestMiniAOD_336.root
Adding file: /eos/cms/store/group/phys_heavyions/hbossi/OOJetSubstructure/DataForests/IonPhysics0/OO_Data_PromptReco_IonPhsyics0/260306_195006/0000/HiForestMiniAOD_337.root
Adding file: /eos/cms/store/group/phys_heavyions/hbossi/OOJetSubstructure/DataForests/IonPhysics0/OO_Data_PromptReco_IonPhsyics0/260306_195006/0000/HiForestMiniAOD_338.root
Adding file: /eos/cms/store/group/phys_heavyions/hbossi/OOJetSubstructure/DataForests/IonPhysics0/OO_Data_PromptReco_IonPhsyics0/260306_195006/0000/HiForestMiniAOD_339.root
Adding file: /eos/cms/store/group/phys_heavyions/hbossi/OOJetSubstructure/DataForests/IonPhysics0/OO_Data_PromptReco_IonPhsyics0/260306_195006/0000/HiForestMiniAOD_343.root
Adding file: /eos/cms/store/group/phys_heavyions/hbossi/OOJetSubstructure/DataForests/IonPhysics0/OO_Data_PromptReco_IonPhsyics0/260306_195006/0000/HiForestMiniAOD_344.root
Adding file: /eos/cms/store/group/phys_heavyions/hbossi/OOJetSubstructure/DataForests/IonPhysics0/OO_Data_PromptReco_IonPhsyics0/260306_195006/0000/HiForestMiniAOD_345.root
Adding file: /eos/cms/store/group/phys_heavyions/hbossi/OOJetSubstructure/DataForests/IonPhysics0/OO_Data_PromptReco_IonPhsyics0/260306_195006/0000/HiForestMiniAOD_346.root
Adding file: /eos/cms/store/group/phys_heavyions/hbossi/OOJetSubstructure/DataForests/IonPhysics0/OO_Data_PromptReco_IonPhsyics0/260306_195006/0000/HiForestMiniAOD_348.root
Adding file: /eos/cms/store/group/phys_heavyions/hbossi/OOJetSubstructure/DataForests/IonPhysics0/OO_Data_PromptReco_IonPhsyics0/260306_195006/0000/HiForestMiniAOD_349.root
Adding file: /eos/cms/store/group/phys_heavyions/hbossi/OOJetSubstructure/DataForests/IonPhysics0/OO_Data_PromptReco_IonPhsyics0/260306_195006/0000/HiForestMiniAOD_352.root
Adding file: /eos/cms/store/group/phys_heavyions/hbossi/OOJetSubstructure/DataForests/IonPhysics0/OO_Data_PromptReco_IonPhsyics0/260306_195006/0000/HiForestMiniAOD_354.root
Adding file: /eos/cms/store/group/phys_heavyions/hbossi/OOJetSubstructure/DataForests/IonPhysics0/OO_Data_PromptReco_IonPhsyics0/260306_195006/0000/HiForestMiniAOD_356.root
Adding file: /eos/cms/store/group/phys_heavyions/hbossi/OOJetSubstructure/DataForests/IonPhysics0/OO_Data_PromptReco_IonPhsyics0/260306_195006/0000/HiForestMiniAOD_364.root
Adding file: /eos/cms/store/group/phys_heavyions/hbossi/OOJetSubstructure/DataForests/IonPhysics0/OO_Data_PromptReco_IonPhsyics0/260306_195006/0000/HiForestMiniAOD_368.root
Adding file: /eos/cms/store/group/phys_heavyions/hbossi/OOJetSubstructure/DataForests/IonPhysics0/OO_Data_PromptReco_IonPhsyics0/260306_195006/0000/HiForestMiniAOD_369.root
Adding file: /eos/cms/store/group/phys_heavyions/hbossi/OOJetSubstructure/DataForests/IonPhysics0/OO_Data_PromptReco_IonPhsyics0/260306_195006/0000/HiForestMiniAOD_371.root
Adding file: /eos/cms/store/group/phys_heavyions/hbossi/OOJetSubstructure/DataForests/IonPhysics0/OO_Data_PromptReco_IonPhsyics0/260306_195006/0000/HiForestMiniAOD_372.root
Adding file: /eos/cms/store/group/phys_heavyions/hbossi/OOJetSubstructure/DataForests/IonPhysics0/OO_Data_PromptReco_IonPhsyics0/260306_195006/0000/HiForestMiniAOD_373.root
Adding file: /eos/cms/store/group/phys_heavyions/hbossi/OOJetSubstructure/DataForests/IonPhysics0/OO_Data_PromptReco_IonPhsyics0/260306_195006/0000/HiForestMiniAOD_374.root
Adding file: /eos/cms/store/group/phys_heavyions/hbossi/OOJetSubstructure/DataForests/IonPhysics0/OO_Data_PromptReco_IonPhsyics0/260306_195006/0000/HiForestMiniAOD_376.root
Adding file: /eos/cms/store/group/phys_heavyions/hbossi/OOJetSubstructure/DataForests/IonPhysics0/OO_Data_PromptReco_IonPhsyics0/260306_195006/0000/HiForestMiniAOD_377.root
Adding file: /eos/cms/store/group/phys_heavyions/hbossi/OOJetSubstructure/DataForests/IonPhysics0/OO_Data_PromptReco_IonPhsyics0/260306_195006/0000/HiForestMiniAOD_379.root
Adding file: /eos/cms/store/group/phys_heavyions/hbossi/OOJetSubstructure/DataForests/IonPhysics0/OO_Data_PromptReco_IonPhsyics0/260306_195006/0000/HiForestMiniAOD_380.root
Adding file: /eos/cms/store/group/phys_heavyions/hbossi/OOJetSubstructure/DataForests/IonPhysics0/OO_Data_PromptReco_IonPhsyics0/260306_195006/0000/HiForestMiniAOD_381.root
Adding file: /eos/cms/store/group/phys_heavyions/hbossi/OOJetSubstructure/DataForests/IonPhysics0/OO_Data_PromptReco_IonPhsyics0/260306_195006/0000/HiForestMiniAOD_383.root
Adding file: /eos/cms/store/group/phys_heavyions/hbossi/OOJetSubstructure/DataForests/IonPhysics0/OO_Data_PromptReco_IonPhsyics0/260306_195006/0000/HiForestMiniAOD_385.root
Adding file: /eos/cms/store/group/phys_heavyions/hbossi/OOJetSubstructure/DataForests/IonPhysics0/OO_Data_PromptReco_IonPhsyics0/260306_195006/0000/HiForestMiniAOD_386.root
Adding file: /eos/cms/store/group/phys_heavyions/hbossi/OOJetSubstructure/DataForests/IonPhysics0/OO_Data_PromptReco_IonPhsyics0/260306_195006/0000/HiForestMiniAOD_388.root
Adding file: /eos/cms/store/group/phys_heavyions/hbossi/OOJetSubstructure/DataForests/IonPhysics0/OO_Data_PromptReco_IonPhsyics0/260306_195006/0000/HiForestMiniAOD_390.root
Adding file: /eos/cms/store/group/phys_heavyions/hbossi/OOJetSubstructure/DataForests/IonPhysics0/OO_Data_PromptReco_IonPhsyics0/260306_195006/0000/HiForestMiniAOD_391.root
Adding file: /eos/cms/store/group/phys_heavyions/hbossi/OOJetSubstructure/DataForests/IonPhysics0/OO_Data_PromptReco_IonPhsyics0/260306_195006/0000/HiForestMiniAOD_392.root
Adding file: /eos/cms/store/group/phys_heavyions/hbossi/OOJetSubstructure/DataForests/IonPhysics0/OO_Data_PromptReco_IonPhsyics0/260306_195006/0000/HiForestMiniAOD_393.root
Adding file: /eos/cms/store/group/phys_heavyions/hbossi/OOJetSubstructure/DataForests/IonPhysics0/OO_Data_PromptReco_IonPhsyics0/260306_195006/0000/HiForestMiniAOD_394.root
Adding file: /eos/cms/store/group/phys_heavyions/hbossi/OOJetSubstructure/DataForests/IonPhysics0/OO_Data_PromptReco_IonPhsyics0/260306_195006/0000/HiForestMiniAOD_395.root
Adding file: /eos/cms/store/group/phys_heavyions/hbossi/OOJetSubstructure/DataForests/IonPhysics0/OO_Data_PromptReco_IonPhsyics0/260306_195006/0000/HiForestMiniAOD_397.root
Adding file: /eos/cms/store/group/phys_heavyions/hbossi/OOJetSubstructure/DataForests/IonPhysics0/OO_Data_PromptReco_IonPhsyics0/260306_195006/0000/HiForestMiniAOD_398.root
Adding file: /eos/cms/store/group/phys_heavyions/hbossi/OOJetSubstructure/DataForests/IonPhysics0/OO_Data_PromptReco_IonPhsyics0/260306_195006/0000/HiForestMiniAOD_399.root
Adding file: /eos/cms/store/group/phys_heavyions/hbossi/OOJetSubstructure/DataForests/IonPhysics0/OO_Data_PromptReco_IonPhsyics0/260306_195006/0000/HiForestMiniAOD_400.root
Adding file: /eos/cms/store/group/phys_heavyions/hbossi/OOJetSubstructure/DataForests/IonPhysics0/OO_Data_PromptReco_IonPhsyics0/260306_195006/0000/HiForestMiniAOD_401.root
Adding file: /eos/cms/store/group/phys_heavyions/hbossi/OOJetSubstructure/DataForests/IonPhysics0/OO_Data_PromptReco_IonPhsyics0/260306_195006/0000/HiForestMiniAOD_402.root
Adding file: /eos/cms/store/group/phys_heavyions/hbossi/OOJetSubstructure/DataForests/IonPhysics0/OO_Data_PromptReco_IonPhsyics0/260306_195006/0000/HiForestMiniAOD_403.root
Adding file: /eos/cms/store/group/phys_heavyions/hbossi/OOJetSubstructure/DataForests/IonPhysics0/OO_Data_PromptReco_IonPhsyics0/260306_195006/0000/HiForestMiniAOD_405.root
Adding file: /eos/cms/store/group/phys_heavyions/hbossi/OOJetSubstructure/DataForests/IonPhysics0/OO_Data_PromptReco_IonPhsyics0/260306_195006/0000/HiForestMiniAOD_406.root
Adding file: /eos/cms/store/group/phys_heavyions/hbossi/OOJetSubstructure/DataForests/IonPhysics0/OO_Data_PromptReco_IonPhsyics0/260306_195006/0000/HiForestMiniAOD_407.root
Adding file: /eos/cms/store/group/phys_heavyions/hbossi/OOJetSubstructure/DataForests/IonPhysics0/OO_Data_PromptReco_IonPhsyics0/260306_195006/0000/HiForestMiniAOD_408.root
Adding file: /eos/cms/store/group/phys_heavyions/hbossi/OOJetSubstructure/DataForests/IonPhysics0/OO_Data_PromptReco_IonPhsyics0/260306_195006/0000/HiForestMiniAOD_409.root
Adding file: /eos/cms/store/group/phys_heavyions/hbossi/OOJetSubstructure/DataForests/IonPhysics0/OO_Data_PromptReco_IonPhsyics0/260306_195006/0000/HiForestMiniAOD_410.root
Adding file: /eos/cms/store/group/phys_heavyions/hbossi/OOJetSubstructure/DataForests/IonPhysics0/OO_Data_PromptReco_IonPhsyics0/260306_195006/0000/HiForestMiniAOD_414.root
Adding file: /eos/cms/store/group/phys_heavyions/hbossi/OOJetSubstructure/DataForests/IonPhysics0/OO_Data_PromptReco_IonPhsyics0/260306_195006/0000/HiForestMiniAOD_425.root
Adding file: /eos/cms/store/group/phys_heavyions/hbossi/OOJetSubstructure/DataForests/IonPhysics0/OO_Data_PromptReco_IonPhsyics0/260306_195006/0000/HiForestMiniAOD_426.root
Adding file: /eos/cms/store/group/phys_heavyions/hbossi/OOJetSubstructure/DataForests/IonPhysics0/OO_Data_PromptReco_IonPhsyics0/260306_195006/0000/HiForestMiniAOD_427.root
Adding file: /eos/cms/store/group/phys_heavyions/hbossi/OOJetSubstructure/DataForests/IonPhysics0/OO_Data_PromptReco_IonPhsyics0/260306_195006/0000/HiForestMiniAOD_431.root
Adding file: /eos/cms/store/group/phys_heavyions/hbossi/OOJetSubstructure/DataForests/IonPhysics0/OO_Data_PromptReco_IonPhsyics0/260306_195006/0000/HiForestMiniAOD_432.root
Adding file: /eos/cms/store/group/phys_heavyions/hbossi/OOJetSubstructure/DataForests/IonPhysics0/OO_Data_PromptReco_IonPhsyics0/260306_195006/0000/HiForestMiniAOD_433.root
Adding file: /eos/cms/store/group/phys_heavyions/hbossi/OOJetSubstructure/DataForests/IonPhysics0/OO_Data_PromptReco_IonPhsyics0/260306_195006/0000/HiForestMiniAOD_435.root
Adding file: /eos/cms/store/group/phys_heavyions/hbossi/OOJetSubstructure/DataForests/IonPhysics0/OO_Data_PromptReco_IonPhsyics0/260306_195006/0000/HiForestMiniAOD_438.root
Adding file: /eos/cms/store/group/phys_heavyions/hbossi/OOJetSubstructure/DataForests/IonPhysics0/OO_Data_PromptReco_IonPhsyics0/260306_195006/0000/HiForestMiniAOD_439.root
Adding file: /eos/cms/store/group/phys_heavyions/hbossi/OOJetSubstructure/DataForests/IonPhysics0/OO_Data_PromptReco_IonPhsyics0/260306_195006/0000/HiForestMiniAOD_44.root
Adding file: /eos/cms/store/group/phys_heavyions/hbossi/OOJetSubstructure/DataForests/IonPhysics0/OO_Data_PromptReco_IonPhsyics0/260306_195006/0000/HiForestMiniAOD_440.root
Adding file: /eos/cms/store/group/phys_heavyions/hbossi/OOJetSubstructure/DataForests/IonPhysics0/OO_Data_PromptReco_IonPhsyics0/260306_195006/0000/HiForestMiniAOD_441.root
Adding file: /eos/cms/store/group/phys_heavyions/hbossi/OOJetSubstructure/DataForests/IonPhysics0/OO_Data_PromptReco_IonPhsyics0/260306_195006/0000/HiForestMiniAOD_442.root
Adding file: /eos/cms/store/group/phys_heavyions/hbossi/OOJetSubstructure/DataForests/IonPhysics0/OO_Data_PromptReco_IonPhsyics0/260306_195006/0000/HiForestMiniAOD_443.root
Adding file: /eos/cms/store/group/phys_heavyions/hbossi/OOJetSubstructure/DataForests/IonPhysics0/OO_Data_PromptReco_IonPhsyics0/260306_195006/0000/HiForestMiniAOD_444.root
Adding file: /eos/cms/store/group/phys_heavyions/hbossi/OOJetSubstructure/DataForests/IonPhysics0/OO_Data_PromptReco_IonPhsyics0/260306_195006/0000/HiForestMiniAOD_445.root
Adding file: /eos/cms/store/group/phys_heavyions/hbossi/OOJetSubstructure/DataForests/IonPhysics0/OO_Data_PromptReco_IonPhsyics0/260306_195006/0000/HiForestMiniAOD_448.root
Adding file: /eos/cms/store/group/phys_heavyions/hbossi/OOJetSubstructure/DataForests/IonPhysics0/OO_Data_PromptReco_IonPhsyics0/260306_195006/0000/HiForestMiniAOD_449.root
Adding file: /eos/cms/store/group/phys_heavyions/hbossi/OOJetSubstructure/DataForests/IonPhysics0/OO_Data_PromptReco_IonPhsyics0/260306_195006/0000/HiForestMiniAOD_450.root
Adding file: /eos/cms/store/group/phys_heavyions/hbossi/OOJetSubstructure/DataForests/IonPhysics0/OO_Data_PromptReco_IonPhsyics0/260306_195006/0000/HiForestMiniAOD_451.root
Adding file: /eos/cms/store/group/phys_heavyions/hbossi/OOJetSubstructure/DataForests/IonPhysics0/OO_Data_PromptReco_IonPhsyics0/260306_195006/0000/HiForestMiniAOD_457.root
Adding file: /eos/cms/store/group/phys_heavyions/hbossi/OOJetSubstructure/DataForests/IonPhysics0/OO_Data_PromptReco_IonPhsyics0/260306_195006/0000/HiForestMiniAOD_458.root
Adding file: /eos/cms/store/group/phys_heavyions/hbossi/OOJetSubstructure/DataForests/IonPhysics0/OO_Data_PromptReco_IonPhsyics0/260306_195006/0000/HiForestMiniAOD_459.root
Adding file: /eos/cms/store/group/phys_heavyions/hbossi/OOJetSubstructure/DataForests/IonPhysics0/OO_Data_PromptReco_IonPhsyics0/260306_195006/0000/HiForestMiniAOD_460.root
Adding file: /eos/cms/store/group/phys_heavyions/hbossi/OOJetSubstructure/DataForests/IonPhysics0/OO_Data_PromptReco_IonPhsyics0/260306_195006/0000/HiForestMiniAOD_466.root
Adding file: /eos/cms/store/group/phys_heavyions/hbossi/OOJetSubstructure/DataForests/IonPhysics0/OO_Data_PromptReco_IonPhsyics0/260306_195006/0000/HiForestMiniAOD_467.root
Adding file: /eos/cms/store/group/phys_heavyions/hbossi/OOJetSubstructure/DataForests/IonPhysics0/OO_Data_PromptReco_IonPhsyics0/260306_195006/0000/HiForestMiniAOD_470.root
Adding file: /eos/cms/store/group/phys_heavyions/hbossi/OOJetSubstructure/DataForests/IonPhysics0/OO_Data_PromptReco_IonPhsyics0/260306_195006/0000/HiForestMiniAOD_471.root
Adding file: /eos/cms/store/group/phys_heavyions/hbossi/OOJetSubstructure/DataForests/IonPhysics0/OO_Data_PromptReco_IonPhsyics0/260306_195006/0000/HiForestMiniAOD_472.root
Adding file: /eos/cms/store/group/phys_heavyions/hbossi/OOJetSubstructure/DataForests/IonPhysics0/OO_Data_PromptReco_IonPhsyics0/260306_195006/0000/HiForestMiniAOD_474.root
Adding file: /eos/cms/store/group/phys_heavyions/hbossi/OOJetSubstructure/DataForests/IonPhysics0/OO_Data_PromptReco_IonPhsyics0/260306_195006/0000/HiForestMiniAOD_480.root
Adding file: /eos/cms/store/group/phys_heavyions/hbossi/OOJetSubstructure/DataForests/IonPhysics0/OO_Data_PromptReco_IonPhsyics0/260306_195006/0000/HiForestMiniAOD_483.root
Adding file: /eos/cms/store/group/phys_heavyions/hbossi/OOJetSubstructure/DataForests/IonPhysics0/OO_Data_PromptReco_IonPhsyics0/260306_195006/0000/HiForestMiniAOD_486.root
Adding file: /eos/cms/store/group/phys_heavyions/hbossi/OOJetSubstructure/DataForests/IonPhysics0/OO_Data_PromptReco_IonPhsyics0/260306_195006/0000/HiForestMiniAOD_488.root
Adding file: /eos/cms/store/group/phys_heavyions/hbossi/OOJetSubstructure/DataForests/IonPhysics0/OO_Data_PromptReco_IonPhsyics0/260306_195006/0000/HiForestMiniAOD_489.root
Adding file: /eos/cms/store/group/phys_heavyions/hbossi/OOJetSubstructure/DataForests/IonPhysics0/OO_Data_PromptReco_IonPhsyics0/260306_195006/0000/HiForestMiniAOD_491.root
Adding file: /eos/cms/store/group/phys_heavyions/hbossi/OOJetSubstructure/DataForests/IonPhysics0/OO_Data_PromptReco_IonPhsyics0/260306_195006/0000/HiForestMiniAOD_492.root
Adding file: /eos/cms/store/group/phys_heavyions/hbossi/OOJetSubstructure/DataForests/IonPhysics0/OO_Data_PromptReco_IonPhsyics0/260306_195006/0000/HiForestMiniAOD_493.root
Adding file: /eos/cms/store/group/phys_heavyions/hbossi/OOJetSubstructure/DataForests/IonPhysics0/OO_Data_PromptReco_IonPhsyics0/260306_195006/0000/HiForestMiniAOD_496.root
Adding file: /eos/cms/store/group/phys_heavyions/hbossi/OOJetSubstructure/DataForests/IonPhysics0/OO_Data_PromptReco_IonPhsyics0/260306_195006/0000/HiForestMiniAOD_498.root
Adding file: /eos/cms/store/group/phys_heavyions/hbossi/OOJetSubstructure/DataForests/IonPhysics0/OO_Data_PromptReco_IonPhsyics0/260306_195006/0000/HiForestMiniAOD_499.root
Adding file: /eos/cms/store/group/phys_heavyions/hbossi/OOJetSubstructure/DataForests/IonPhysics0/OO_Data_PromptReco_IonPhsyics0/260306_195006/0000/HiForestMiniAOD_502.root
Adding file: /eos/cms/store/group/phys_heavyions/hbossi/OOJetSubstructure/DataForests/IonPhysics0/OO_Data_PromptReco_IonPhsyics0/260306_195006/0000/HiForestMiniAOD_504.root
Adding file: /eos/cms/store/group/phys_heavyions/hbossi/OOJetSubstructure/DataForests/IonPhysics0/OO_Data_PromptReco_IonPhsyics0/260306_195006/0000/HiForestMiniAOD_505.root
Adding file: /eos/cms/store/group/phys_heavyions/hbossi/OOJetSubstructure/DataForests/IonPhysics0/OO_Data_PromptReco_IonPhsyics0/260306_195006/0000/HiForestMiniAOD_506.root
Adding file: /eos/cms/store/group/phys_heavyions/hbossi/OOJetSubstructure/DataForests/IonPhysics0/OO_Data_PromptReco_IonPhsyics0/260306_195006/0000/HiForestMiniAOD_507.root
Adding file: /eos/cms/store/group/phys_heavyions/hbossi/OOJetSubstructure/DataForests/IonPhysics0/OO_Data_PromptReco_IonPhsyics0/260306_195006/0000/HiForestMiniAOD_508.root
Adding file: /eos/cms/store/group/phys_heavyions/hbossi/OOJetSubstructure/DataForests/IonPhysics0/OO_Data_PromptReco_IonPhsyics0/260306_195006/0000/HiForestMiniAOD_516.root
Adding file: /eos/cms/store/group/phys_heavyions/hbossi/OOJetSubstructure/DataForests/IonPhysics0/OO_Data_PromptReco_IonPhsyics0/260306_195006/0000/HiForestMiniAOD_517.root
Adding file: /eos/cms/store/group/phys_heavyions/hbossi/OOJetSubstructure/DataForests/IonPhysics0/OO_Data_PromptReco_IonPhsyics0/260306_195006/0000/HiForestMiniAOD_518.root
Adding file: /eos/cms/store/group/phys_heavyions/hbossi/OOJetSubstructure/DataForests/IonPhysics0/OO_Data_PromptReco_IonPhsyics0/260306_195006/0000/HiForestMiniAOD_519.root
Adding file: /eos/cms/store/group/phys_heavyions/hbossi/OOJetSubstructure/DataForests/IonPhysics0/OO_Data_PromptReco_IonPhsyics0/260306_195006/0000/HiForestMiniAOD_520.root
Adding file: /eos/cms/store/group/phys_heavyions/hbossi/OOJetSubstructure/DataForests/IonPhysics0/OO_Data_PromptReco_IonPhsyics0/260306_195006/0000/HiForestMiniAOD_523.root
Adding file: /eos/cms/store/group/phys_heavyions/hbossi/OOJetSubstructure/DataForests/IonPhysics0/OO_Data_PromptReco_IonPhsyics0/260306_195006/0000/HiForestMiniAOD_526.root
Adding file: /eos/cms/store/group/phys_heavyions/hbossi/OOJetSubstructure/DataForests/IonPhysics0/OO_Data_PromptReco_IonPhsyics0/260306_195006/0000/HiForestMiniAOD_528.root
Adding file: /eos/cms/store/group/phys_heavyions/hbossi/OOJetSubstructure/DataForests/IonPhysics0/OO_Data_PromptReco_IonPhsyics0/260306_195006/0000/HiForestMiniAOD_529.root
Adding file: /eos/cms/store/group/phys_heavyions/hbossi/OOJetSubstructure/DataForests/IonPhysics0/OO_Data_PromptReco_IonPhsyics0/260306_195006/0000/HiForestMiniAOD_530.root
Adding file: /eos/cms/store/group/phys_heavyions/hbossi/OOJetSubstructure/DataForests/IonPhysics0/OO_Data_PromptReco_IonPhsyics0/260306_195006/0000/HiForestMiniAOD_532.root
Adding file: /eos/cms/store/group/phys_heavyions/hbossi/OOJetSubstructure/DataForests/IonPhysics0/OO_Data_PromptReco_IonPhsyics0/260306_195006/0000/HiForestMiniAOD_535.root
Adding file: /eos/cms/store/group/phys_heavyions/hbossi/OOJetSubstructure/DataForests/IonPhysics0/OO_Data_PromptReco_IonPhsyics0/260306_195006/0000/HiForestMiniAOD_538.root
Adding file: /eos/cms/store/group/phys_heavyions/hbossi/OOJetSubstructure/DataForests/IonPhysics0/OO_Data_PromptReco_IonPhsyics0/260306_195006/0000/HiForestMiniAOD_539.root
Adding file: /eos/cms/store/group/phys_heavyions/hbossi/OOJetSubstructure/DataForests/IonPhysics0/OO_Data_PromptReco_IonPhsyics0/260306_195006/0000/HiForestMiniAOD_542.root
Adding file: /eos/cms/store/group/phys_heavyions/hbossi/OOJetSubstructure/DataForests/IonPhysics0/OO_Data_PromptReco_IonPhsyics0/260306_195006/0000/HiForestMiniAOD_545.root
Adding file: /eos/cms/store/group/phys_heavyions/hbossi/OOJetSubstructure/DataForests/IonPhysics0/OO_Data_PromptReco_IonPhsyics0/260306_195006/0000/HiForestMiniAOD_547.root
Adding file: /eos/cms/store/group/phys_heavyions/hbossi/OOJetSubstructure/DataForests/IonPhysics0/OO_Data_PromptReco_IonPhsyics0/260306_195006/0000/HiForestMiniAOD_55.root
Adding file: /eos/cms/store/group/phys_heavyions/hbossi/OOJetSubstructure/DataForests/IonPhysics0/OO_Data_PromptReco_IonPhsyics0/260306_195006/0000/HiForestMiniAOD_550.root
Adding file: /eos/cms/store/group/phys_heavyions/hbossi/OOJetSubstructure/DataForests/IonPhysics0/OO_Data_PromptReco_IonPhsyics0/260306_195006/0000/HiForestMiniAOD_551.root
Adding file: /eos/cms/store/group/phys_heavyions/hbossi/OOJetSubstructure/DataForests/IonPhysics0/OO_Data_PromptReco_IonPhsyics0/260306_195006/0000/HiForestMiniAOD_552.root
Adding file: /eos/cms/store/group/phys_heavyions/hbossi/OOJetSubstructure/DataForests/IonPhysics0/OO_Data_PromptReco_IonPhsyics0/260306_195006/0000/HiForestMiniAOD_554.root
Adding file: /eos/cms/store/group/phys_heavyions/hbossi/OOJetSubstructure/DataForests/IonPhysics0/OO_Data_PromptReco_IonPhsyics0/260306_195006/0000/HiForestMiniAOD_558.root
Adding file: /eos/cms/store/group/phys_heavyions/hbossi/OOJetSubstructure/DataForests/IonPhysics0/OO_Data_PromptReco_IonPhsyics0/260306_195006/0000/HiForestMiniAOD_561.root
Adding file: /eos/cms/store/group/phys_heavyions/hbossi/OOJetSubstructure/DataForests/IonPhysics0/OO_Data_PromptReco_IonPhsyics0/260306_195006/0000/HiForestMiniAOD_562.root
Adding file: /eos/cms/store/group/phys_heavyions/hbossi/OOJetSubstructure/DataForests/IonPhysics0/OO_Data_PromptReco_IonPhsyics0/260306_195006/0000/HiForestMiniAOD_567.root
Adding file: /eos/cms/store/group/phys_heavyions/hbossi/OOJetSubstructure/DataForests/IonPhysics0/OO_Data_PromptReco_IonPhsyics0/260306_195006/0000/HiForestMiniAOD_568.root
Adding file: /eos/cms/store/group/phys_heavyions/hbossi/OOJetSubstructure/DataForests/IonPhysics0/OO_Data_PromptReco_IonPhsyics0/260306_195006/0000/HiForestMiniAOD_572.root
Adding file: /eos/cms/store/group/phys_heavyions/hbossi/OOJetSubstructure/DataForests/IonPhysics0/OO_Data_PromptReco_IonPhsyics0/260306_195006/0000/HiForestMiniAOD_575.root
Adding file: /eos/cms/store/group/phys_heavyions/hbossi/OOJetSubstructure/DataForests/IonPhysics0/OO_Data_PromptReco_IonPhsyics0/260306_195006/0000/HiForestMiniAOD_577.root
Adding file: /eos/cms/store/group/phys_heavyions/hbossi/OOJetSubstructure/DataForests/IonPhysics0/OO_Data_PromptReco_IonPhsyics0/260306_195006/0000/HiForestMiniAOD_578.root
Adding file: /eos/cms/store/group/phys_heavyions/hbossi/OOJetSubstructure/DataForests/IonPhysics0/OO_Data_PromptReco_IonPhsyics0/260306_195006/0000/HiForestMiniAOD_580.root
Adding file: /eos/cms/store/group/phys_heavyions/hbossi/OOJetSubstructure/DataForests/IonPhysics0/OO_Data_PromptReco_IonPhsyics0/260306_195006/0000/HiForestMiniAOD_581.root
Adding file: /eos/cms/store/group/phys_heavyions/hbossi/OOJetSubstructure/DataForests/IonPhysics0/OO_Data_PromptReco_IonPhsyics0/260306_195006/0000/HiForestMiniAOD_583.root
Adding file: /eos/cms/store/group/phys_heavyions/hbossi/OOJetSubstructure/DataForests/IonPhysics0/OO_Data_PromptReco_IonPhsyics0/260306_195006/0000/HiForestMiniAOD_584.root
Adding file: /eos/cms/store/group/phys_heavyions/hbossi/OOJetSubstructure/DataForests/IonPhysics0/OO_Data_PromptReco_IonPhsyics0/260306_195006/0000/HiForestMiniAOD_587.root
Adding file: /eos/cms/store/group/phys_heavyions/hbossi/OOJetSubstructure/DataForests/IonPhysics0/OO_Data_PromptReco_IonPhsyics0/260306_195006/0000/HiForestMiniAOD_588.root
Adding file: /eos/cms/store/group/phys_heavyions/hbossi/OOJetSubstructure/DataForests/IonPhysics0/OO_Data_PromptReco_IonPhsyics0/260306_195006/0000/HiForestMiniAOD_589.root
Adding file: /eos/cms/store/group/phys_heavyions/hbossi/OOJetSubstructure/DataForests/IonPhysics0/OO_Data_PromptReco_IonPhsyics0/260306_195006/0000/HiForestMiniAOD_591.root
Adding file: /eos/cms/store/group/phys_heavyions/hbossi/OOJetSubstructure/DataForests/IonPhysics0/OO_Data_PromptReco_IonPhsyics0/260306_195006/0000/HiForestMiniAOD_593.root
Adding file: /eos/cms/store/group/phys_heavyions/hbossi/OOJetSubstructure/DataForests/IonPhysics0/OO_Data_PromptReco_IonPhsyics0/260306_195006/0000/HiForestMiniAOD_595.root
Adding file: /eos/cms/store/group/phys_heavyions/hbossi/OOJetSubstructure/DataForests/IonPhysics0/OO_Data_PromptReco_IonPhsyics0/260306_195006/0000/HiForestMiniAOD_598.root
Adding file: /eos/cms/store/group/phys_heavyions/hbossi/OOJetSubstructure/DataForests/IonPhysics0/OO_Data_PromptReco_IonPhsyics0/260306_195006/0000/HiForestMiniAOD_600.root
Adding file: /eos/cms/store/group/phys_heavyions/hbossi/OOJetSubstructure/DataForests/IonPhysics0/OO_Data_PromptReco_IonPhsyics0/260306_195006/0000/HiForestMiniAOD_602.root
Adding file: /eos/cms/store/group/phys_heavyions/hbossi/OOJetSubstructure/DataForests/IonPhysics0/OO_Data_PromptReco_IonPhsyics0/260306_195006/0000/HiForestMiniAOD_604.root
Adding file: /eos/cms/store/group/phys_heavyions/hbossi/OOJetSubstructure/DataForests/IonPhysics0/OO_Data_PromptReco_IonPhsyics0/260306_195006/0000/HiForestMiniAOD_605.root
Adding file: /eos/cms/store/group/phys_heavyions/hbossi/OOJetSubstructure/DataForests/IonPhysics0/OO_Data_PromptReco_IonPhsyics0/260306_195006/0000/HiForestMiniAOD_606.root
Adding file: /eos/cms/store/group/phys_heavyions/hbossi/OOJetSubstructure/DataForests/IonPhysics0/OO_Data_PromptReco_IonPhsyics0/260306_195006/0000/HiForestMiniAOD_607.root
Adding file: /eos/cms/store/group/phys_heavyions/hbossi/OOJetSubstructure/DataForests/IonPhysics0/OO_Data_PromptReco_IonPhsyics0/260306_195006/0000/HiForestMiniAOD_93.root
Found 212 ROOT files matching pattern: /eos/cms/store/group/phys_heavyions/hbossi/OOJetSubstructure/DataForests/IonPhysics0/OO_Data_PromptReco_IonPhsyics0/260306_195006/0000/*
Number of ROOT files to process: 212
Warning in <TClass::Init>: no dictionary for class L1Analysis::L1AnalysisRecoMetFilterDataFormat is available
Number of entries: 93407205

Starting processing...

Processing entry 0 out of 93407205; 0%
Number of Jets in this event: 0
Total jets processed so far: 0
Events that passed cuts so far: 0
Current memory usage: 246.051 MB (+0 MB from start)
Time elapsed: 0 seconds


Processing entry 1000000 out of 93407205; 1.07058%
Number of Jets in this event: 1
Total jets processed so far: 679707
Events that passed cuts so far: 316273
Current memory usage: 293.789 MB (+47.7383 MB from start)
Time elapsed: 8 seconds


Processing entry 2000000 out of 93407205; 2.14116%
Number of Jets in this event: 0
Total jets processed so far: 1351875
Events that passed cuts so far: 645118
Current memory usage: 296.777 MB (+50.7266 MB from start)
Time elapsed: 17 seconds


Processing entry 3000000 out of 93407205; 3.21174%
Number of Jets in this event: 0
Total jets processed so far: 2012967
Events that passed cuts so far: 1062883
Current memory usage: 296.934 MB (+50.8828 MB from start)
Time elapsed: 26 seconds


Processing entry 4000000 out of 93407205; 4.28232%
Number of Jets in this event: 0
Total jets processed so far: 2600054
Events that passed cuts so far: 1474176
Current memory usage: 296.934 MB (+50.8828 MB from start)
Time elapsed: 34 seconds


Processing entry 5000000 out of 93407205; 5.35291%
Number of Jets in this event: 0
Total jets processed so far: 3128688
Events that passed cuts so far: 1854884
Current memory usage: 296.934 MB (+50.8828 MB from start)
Time elapsed: 43 seconds


Processing entry 6000000 out of 93407205; 6.42349%
Number of Jets in this event: 0
Total jets processed so far: 3623475
Events that passed cuts so far: 2211948
Current memory usage: 296.934 MB (+50.8828 MB from start)
Time elapsed: 52 seconds


Processing entry 7000000 out of 93407205; 7.49407%
Number of Jets in this event: 0
Total jets processed so far: 4094129
Events that passed cuts so far: 2554129
Current memory usage: 296.934 MB (+50.8828 MB from start)
Time elapsed: 61 seconds


Processing entry 8000000 out of 93407205; 8.56465%
Number of Jets in this event: 0
Total jets processed so far: 4558313
Events that passed cuts so far: 2892031
Current memory usage: 296.934 MB (+50.8828 MB from start)
Time elapsed: 69 seconds


Processing entry 9000000 out of 93407205; 9.63523%
Number of Jets in this event: 0
Total jets processed so far: 5010621
Events that passed cuts so far: 3221653
Current memory usage: 296.934 MB (+50.8828 MB from start)
Time elapsed: 78 seconds


Processing entry 10000000 out of 93407205; 10.7058%
Number of Jets in this event: 0
Total jets processed so far: 5451938
Events that passed cuts so far: 3541922
Current memory usage: 296.934 MB (+50.8828 MB from start)
Time elapsed: 87 seconds


Processing entry 11000000 out of 93407205; 11.7764%
Number of Jets in this event: 1
Total jets processed so far: 5868831
Events that passed cuts so far: 3846032
Current memory usage: 298.914 MB (+52.8633 MB from start)
Time elapsed: 95 seconds


Processing entry 12000000 out of 93407205; 12.847%
Number of Jets in this event: 0
Total jets processed so far: 6440567
Events that passed cuts so far: 4174371
Current memory usage: 299.531 MB (+53.4805 MB from start)
Time elapsed: 104 seconds


Processing entry 13000000 out of 93407205; 13.9176%
Number of Jets in this event: 0
Total jets processed so far: 7096731
Events that passed cuts so far: 4542783
Current memory usage: 299.531 MB (+53.4805 MB from start)
Time elapsed: 113 seconds


Processing entry 14000000 out of 93407205; 14.9881%
Number of Jets in this event: 0
Total jets processed so far: 7751210
Events that passed cuts so far: 4913955
Current memory usage: 299.531 MB (+53.4805 MB from start)
Time elapsed: 122 seconds


Processing entry 15000000 out of 93407205; 16.0587%
Number of Jets in this event: 0
Total jets processed so far: 8420305
Events that passed cuts so far: 5271964
Current memory usage: 299.531 MB (+53.4805 MB from start)
Time elapsed: 131 seconds


Processing entry 16000000 out of 93407205; 17.1293%
Number of Jets in this event: 0
Total jets processed so far: 9066327
Events that passed cuts so far: 5634628
Current memory usage: 299.531 MB (+53.4805 MB from start)
Time elapsed: 140 seconds


Processing entry 17000000 out of 93407205; 18.1999%
Number of Jets in this event: 0
Total jets processed so far: 9694067
Events that passed cuts so far: 6016831
Current memory usage: 299.531 MB (+53.4805 MB from start)
Time elapsed: 149 seconds


Processing entry 18000000 out of 93407205; 19.2705%
Number of Jets in this event: 0
Total jets processed so far: 10297651
Events that passed cuts so far: 6440787
Current memory usage: 299.531 MB (+53.4805 MB from start)
Time elapsed: 158 seconds


Processing entry 19000000 out of 93407205; 20.341%
Number of Jets in this event: 0
Total jets processed so far: 10888641
Events that passed cuts so far: 6861938
Current memory usage: 299.531 MB (+53.4805 MB from start)
Time elapsed: 166 seconds


Processing entry 20000000 out of 93407205; 21.4116%
Number of Jets in this event: 0
Total jets processed so far: 11470731
Events that passed cuts so far: 7276758
Current memory usage: 299.531 MB (+53.4805 MB from start)
Time elapsed: 175 seconds


Processing entry 21000000 out of 93407205; 22.4822%
Number of Jets in this event: 0
Total jets processed so far: 12028572
Events that passed cuts so far: 7657347
Current memory usage: 299.531 MB (+53.4805 MB from start)
Time elapsed: 184 seconds


Processing entry 22000000 out of 93407205; 23.5528%
Number of Jets in this event: 0
Total jets processed so far: 12583625
Events that passed cuts so far: 8047384
Current memory usage: 299.531 MB (+53.4805 MB from start)
Time elapsed: 193 seconds


Processing entry 23000000 out of 93407205; 24.6234%
Number of Jets in this event: 0
Total jets processed so far: 13126137
Events that passed cuts so far: 8431011
Current memory usage: 299.531 MB (+53.4805 MB from start)
Time elapsed: 202 seconds


Processing entry 24000000 out of 93407205; 25.694%
Number of Jets in this event: 11
Total jets processed so far: 13673019
Events that passed cuts so far: 8738869
Current memory usage: 299.531 MB (+53.4805 MB from start)
Time elapsed: 211 seconds


Processing entry 25000000 out of 93407205; 26.7645%
Number of Jets in this event: 0
Total jets processed so far: 14296519
Events that passed cuts so far: 9082171
Current memory usage: 299.531 MB (+53.4805 MB from start)
Time elapsed: 220 seconds


Processing entry 26000000 out of 93407205; 27.8351%
Number of Jets in this event: 0
Total jets processed so far: 14925698
Events that passed cuts so far: 9427591
Current memory usage: 299.531 MB (+53.4805 MB from start)
Time elapsed: 228 seconds


Processing entry 27000000 out of 93407205; 28.9057%
Number of Jets in this event: 0
Total jets processed so far: 15539787
Events that passed cuts so far: 9777112
Current memory usage: 299.531 MB (+53.4805 MB from start)
Time elapsed: 237 seconds


Processing entry 28000000 out of 93407205; 29.9763%
Number of Jets in this event: 0
Total jets processed so far: 16143078
Events that passed cuts so far: 10120376
Current memory usage: 299.531 MB (+53.4805 MB from start)
Time elapsed: 246 seconds


Processing entry 29000000 out of 93407205; 31.0469%
Number of Jets in this event: 0
Total jets processed so far: 16741505
Events that passed cuts so far: 10465616
Current memory usage: 299.531 MB (+53.4805 MB from start)
Time elapsed: 255 seconds


Processing entry 30000000 out of 93407205; 32.1174%
Number of Jets in this event: 0
Total jets processed so far: 17334579
Events that passed cuts so far: 10815534
Current memory usage: 299.531 MB (+53.4805 MB from start)
Time elapsed: 264 seconds


Processing entry 31000000 out of 93407205; 33.188%
Number of Jets in this event: 0
Total jets processed so far: 17925136
Events that passed cuts so far: 11179606
Current memory usage: 299.988 MB (+53.9375 MB from start)
Time elapsed: 272 seconds


Processing entry 32000000 out of 93407205; 34.2586%
Number of Jets in this event: 0
Total jets processed so far: 18506826
Events that passed cuts so far: 11543903
Current memory usage: 299.988 MB (+53.9375 MB from start)
Time elapsed: 281 seconds


Processing entry 33000000 out of 93407205; 35.3292%
Number of Jets in this event: 0
Total jets processed so far: 19076911
Events that passed cuts so far: 11904940
Current memory usage: 300.008 MB (+53.957 MB from start)
Time elapsed: 290 seconds


Processing entry 34000000 out of 93407205; 36.3998%
Number of Jets in this event: 1
Total jets processed so far: 19639055
Events that passed cuts so far: 12264614
Current memory usage: 300.008 MB (+53.957 MB from start)
Time elapsed: 299 seconds


Processing entry 35000000 out of 93407205; 37.4703%
Number of Jets in this event: 2
Total jets processed so far: 20200341
Events that passed cuts so far: 12630767
Current memory usage: 300.008 MB (+53.957 MB from start)
Time elapsed: 308 seconds


Processing entry 36000000 out of 93407205; 38.5409%
Number of Jets in this event: 0
Total jets processed so far: 20747627
Events that passed cuts so far: 13011077
Current memory usage: 300.5 MB (+54.4492 MB from start)
Time elapsed: 317 seconds


Processing entry 37000000 out of 93407205; 39.6115%
Number of Jets in this event: 0
Total jets processed so far: 21272839
Events that passed cuts so far: 13389303
Current memory usage: 301.227 MB (+55.1758 MB from start)
Time elapsed: 326 seconds


Processing entry 38000000 out of 93407205; 40.6821%
Number of Jets in this event: 0
Total jets processed so far: 21880338
Events that passed cuts so far: 13739051
Current memory usage: 301.598 MB (+55.5469 MB from start)
Time elapsed: 335 seconds


Processing entry 39000000 out of 93407205; 41.7527%
Number of Jets in this event: 0
Total jets processed so far: 22492407
Events that passed cuts so far: 14085205
Current memory usage: 301.598 MB (+55.5469 MB from start)
Time elapsed: 343 seconds


Processing entry 40000000 out of 93407205; 42.8232%
Number of Jets in this event: 0
Total jets processed so far: 23100284
Events that passed cuts so far: 14436040
Current memory usage: 301.598 MB (+55.5469 MB from start)
Time elapsed: 352 seconds


Processing entry 41000000 out of 93407205; 43.8938%
Number of Jets in this event: 0
Total jets processed so far: 23695993
Events that passed cuts so far: 14795585
Current memory usage: 301.598 MB (+55.5469 MB from start)
Time elapsed: 361 seconds


Processing entry 42000000 out of 93407205; 44.9644%
Number of Jets in this event: 1
Total jets processed so far: 24280747
Events that passed cuts so far: 15149570
Current memory usage: 301.645 MB (+55.5938 MB from start)
Time elapsed: 370 seconds


Processing entry 43000000 out of 93407205; 46.035%
Number of Jets in this event: 0
Total jets processed so far: 24864786
Events that passed cuts so far: 15506605
Current memory usage: 301.645 MB (+55.5938 MB from start)
Time elapsed: 378 seconds


Processing entry 44000000 out of 93407205; 47.1056%
Number of Jets in this event: 0
Total jets processed so far: 25432301
Events that passed cuts so far: 15864771
Current memory usage: 302.039 MB (+55.9883 MB from start)
Time elapsed: 387 seconds


Processing entry 45000000 out of 93407205; 48.1762%
Number of Jets in this event: 0
Total jets processed so far: 26006221
Events that passed cuts so far: 16212606
Current memory usage: 302.273 MB (+56.2227 MB from start)
Time elapsed: 396 seconds


Processing entry 46000000 out of 93407205; 49.2467%
Number of Jets in this event: 6
Total jets processed so far: 26584749
Events that passed cuts so far: 16561972
Current memory usage: 302.664 MB (+56.6133 MB from start)
Time elapsed: 405 seconds


Processing entry 47000000 out of 93407205; 50.3173%
Number of Jets in this event: 0
Total jets processed so far: 27132078
Events that passed cuts so far: 16927671
Current memory usage: 302.664 MB (+56.6133 MB from start)
Time elapsed: 414 seconds


Processing entry 48000000 out of 93407205; 51.3879%
Number of Jets in this event: 0
Total jets processed so far: 27678473
Events that passed cuts so far: 17294765
Current memory usage: 302.664 MB (+56.6133 MB from start)
Time elapsed: 422 seconds


Processing entry 49000000 out of 93407205; 52.4585%
Number of Jets in this event: 0
Total jets processed so far: 28228911
Events that passed cuts so far: 17666178
Current memory usage: 302.668 MB (+56.6172 MB from start)
Time elapsed: 431 seconds


Processing entry 50000000 out of 93407205; 53.5291%
Number of Jets in this event: 0
Total jets processed so far: 28775716
Events that passed cuts so far: 18053297
Current memory usage: 302.668 MB (+56.6172 MB from start)
Time elapsed: 440 seconds


Processing entry 51000000 out of 93407205; 54.5996%
Number of Jets in this event: 0
Total jets processed so far: 29342343
Events that passed cuts so far: 18407307
Current memory usage: 302.668 MB (+56.6172 MB from start)
Time elapsed: 449 seconds


Processing entry 52000000 out of 93407205; 55.6702%
Number of Jets in this event: 5
Total jets processed so far: 29891927
Events that passed cuts so far: 18776648
Current memory usage: 302.668 MB (+56.6172 MB from start)
Time elapsed: 457 seconds


Processing entry 53000000 out of 93407205; 56.7408%
Number of Jets in this event: 0
Total jets processed so far: 30426870
Events that passed cuts so far: 19160000
Current memory usage: 302.668 MB (+56.6172 MB from start)
Time elapsed: 466 seconds


Processing entry 54000000 out of 93407205; 57.8114%
Number of Jets in this event: 0
Total jets processed so far: 30958018
Events that passed cuts so far: 19440666
Current memory usage: 303.105 MB (+57.0547 MB from start)
Time elapsed: 475 seconds


Processing entry 55000000 out of 93407205; 58.882%
Number of Jets in this event: 0
Total jets processed so far: 31569557
Events that passed cuts so far: 19787521
Current memory usage: 303.105 MB (+57.0547 MB from start)
Time elapsed: 484 seconds


Processing entry 56000000 out of 93407205; 59.9525%
Number of Jets in this event: 0
Total jets processed so far: 32141933
Events that passed cuts so far: 20125250
Current memory usage: 303.105 MB (+57.0547 MB from start)
Time elapsed: 493 seconds


Processing entry 57000000 out of 93407205; 61.0231%
Number of Jets in this event: 0
Total jets processed so far: 32713679
Events that passed cuts so far: 20469222
Current memory usage: 303.105 MB (+57.0547 MB from start)
Time elapsed: 501 seconds


Processing entry 58000000 out of 93407205; 62.0937%
Number of Jets in this event: 1
Total jets processed so far: 33329194
Events that passed cuts so far: 20817339
Current memory usage: 303.105 MB (+57.0547 MB from start)
Time elapsed: 510 seconds


Processing entry 59000000 out of 93407205; 63.1643%
Number of Jets in this event: 0
Total jets processed so far: 33927388
Events that passed cuts so far: 21163646
Current memory usage: 303.105 MB (+57.0547 MB from start)
Time elapsed: 519 seconds


Processing entry 60000000 out of 93407205; 64.2349%
Number of Jets in this event: 2
Total jets processed so far: 34493944
Events that passed cuts so far: 21532832
Current memory usage: 303.105 MB (+57.0547 MB from start)
Time elapsed: 528 seconds


Processing entry 61000000 out of 93407205; 65.3055%
Number of Jets in this event: 3
Total jets processed so far: 35060643
Events that passed cuts so far: 21895937
Current memory usage: 303.238 MB (+57.1875 MB from start)
Time elapsed: 536 seconds


Processing entry 62000000 out of 93407205; 66.376%
Number of Jets in this event: 0
Total jets processed so far: 35592100
Events that passed cuts so far: 22275476
Current memory usage: 303.328 MB (+57.2773 MB from start)
Time elapsed: 545 seconds


Processing entry 63000000 out of 93407205; 67.4466%
Number of Jets in this event: 0
Total jets processed so far: 36079888
Events that passed cuts so far: 22628078
Current memory usage: 303.328 MB (+57.2773 MB from start)
Time elapsed: 554 seconds


Processing entry 64000000 out of 93407205; 68.5172%
Number of Jets in this event: 0
Total jets processed so far: 36542521
Events that passed cuts so far: 22965019
Current memory usage: 303.328 MB (+57.2773 MB from start)
Time elapsed: 562 seconds


Processing entry 65000000 out of 93407205; 69.5878%
Number of Jets in this event: 0
Total jets processed so far: 36984526
Events that passed cuts so far: 23287529
Current memory usage: 304.289 MB (+58.2383 MB from start)
Time elapsed: 571 seconds


Processing entry 66000000 out of 93407205; 70.6584%
Number of Jets in this event: 0
Total jets processed so far: 37345209
Events that passed cuts so far: 23544067
Current memory usage: 304.492 MB (+58.4414 MB from start)
Time elapsed: 580 seconds


Processing entry 67000000 out of 93407205; 71.7289%
Number of Jets in this event: 2
Total jets processed so far: 37866611
Events that passed cuts so far: 23866873
Current memory usage: 304.492 MB (+58.4414 MB from start)
Time elapsed: 589 seconds


Processing entry 68000000 out of 93407205; 72.7995%
Number of Jets in this event: 0
Total jets processed so far: 38460781
Events that passed cuts so far: 24211592
Current memory usage: 304.492 MB (+58.4414 MB from start)
Time elapsed: 597 seconds


Processing entry 69000000 out of 93407205; 73.8701%
Number of Jets in this event: 0
Total jets processed so far: 39057556
Events that passed cuts so far: 24557295
Current memory usage: 304.492 MB (+58.4414 MB from start)
Time elapsed: 606 seconds


Processing entry 70000000 out of 93407205; 74.9407%
Number of Jets in this event: 0
Total jets processed so far: 39646863
Events that passed cuts so far: 24903772
Current memory usage: 304.492 MB (+58.4414 MB from start)
Time elapsed: 615 seconds


Processing entry 71000000 out of 93407205; 76.0113%
Number of Jets in this event: 0
Total jets processed so far: 40233036
Events that passed cuts so far: 25255725
Current memory usage: 304.492 MB (+58.4414 MB from start)
Time elapsed: 624 seconds


Processing entry 72000000 out of 93407205; 77.0818%
Number of Jets in this event: 0
Total jets processed so far: 40815422
Events that passed cuts so far: 25601456
Current memory usage: 304.492 MB (+58.4414 MB from start)
Time elapsed: 632 seconds


Processing entry 73000000 out of 93407205; 78.1524%
Number of Jets in this event: 0
Total jets processed so far: 41392231
Events that passed cuts so far: 25956980
Current memory usage: 304.492 MB (+58.4414 MB from start)
Time elapsed: 641 seconds


Processing entry 74000000 out of 93407205; 79.223%
Number of Jets in this event: 0
Total jets processed so far: 41957564
Events that passed cuts so far: 26327927
Current memory usage: 304.492 MB (+58.4414 MB from start)
Time elapsed: 650 seconds


Processing entry 75000000 out of 93407205; 80.2936%
Number of Jets in this event: 0
Total jets processed so far: 42519235
Events that passed cuts so far: 26707285
Current memory usage: 304.492 MB (+58.4414 MB from start)
Time elapsed: 659 seconds


Processing entry 76000000 out of 93407205; 81.3642%
Number of Jets in this event: 0
Total jets processed so far: 43063104
Events that passed cuts so far: 27087462
Current memory usage: 304.492 MB (+58.4414 MB from start)
Time elapsed: 667 seconds


Processing entry 77000000 out of 93407205; 82.4348%
Number of Jets in this event: 0
Total jets processed so far: 43624306
Events that passed cuts so far: 27471267
Current memory usage: 304.492 MB (+58.4414 MB from start)
Time elapsed: 676 seconds


Processing entry 78000000 out of 93407205; 83.5053%
Number of Jets in this event: 0
Total jets processed so far: 44168447
Events that passed cuts so far: 27853718
Current memory usage: 304.492 MB (+58.4414 MB from start)
Time elapsed: 685 seconds


Processing entry 79000000 out of 93407205; 84.5759%
Number of Jets in this event: 0
Total jets processed so far: 44712248
Events that passed cuts so far: 28241466
Current memory usage: 304.648 MB (+58.5977 MB from start)
Time elapsed: 694 seconds


Processing entry 80000000 out of 93407205; 85.6465%
Number of Jets in this event: 0
Total jets processed so far: 45240164
Events that passed cuts so far: 28620276
Current memory usage: 304.648 MB (+58.5977 MB from start)
Time elapsed: 703 seconds


Processing entry 81000000 out of 93407205; 86.7171%
Number of Jets in this event: 0
Total jets processed so far: 45736570
Events that passed cuts so far: 28980112
Current memory usage: 304.648 MB (+58.5977 MB from start)
Time elapsed: 711 seconds


Processing entry 82000000 out of 93407205; 87.7877%
Number of Jets in this event: 2
Total jets processed so far: 46274103
Events that passed cuts so far: 29345035
Current memory usage: 304.648 MB (+58.5977 MB from start)
Time elapsed: 720 seconds


Processing entry 83000000 out of 93407205; 88.8582%
Number of Jets in this event: 0
Total jets processed so far: 46973621
Events that passed cuts so far: 29687237
Current memory usage: 304.648 MB (+58.5977 MB from start)
Time elapsed: 729 seconds


Processing entry 84000000 out of 93407205; 89.9288%
Number of Jets in this event: 0
Total jets processed so far: 47637241
Events that passed cuts so far: 30048828
Current memory usage: 304.648 MB (+58.5977 MB from start)
Time elapsed: 738 seconds


Processing entry 85000000 out of 93407205; 90.9994%
Number of Jets in this event: 0
Total jets processed so far: 48306956
Events that passed cuts so far: 30409383
Current memory usage: 304.648 MB (+58.5977 MB from start)
Time elapsed: 747 seconds


Processing entry 86000000 out of 93407205; 92.07%
Number of Jets in this event: 0
Total jets processed so far: 48963106
Events that passed cuts so far: 30764113
Current memory usage: 304.648 MB (+58.5977 MB from start)
Time elapsed: 756 seconds


Processing entry 87000000 out of 93407205; 93.1406%
Number of Jets in this event: 0
Total jets processed so far: 49614015
Events that passed cuts so far: 31116019
Current memory usage: 304.648 MB (+58.5977 MB from start)
Time elapsed: 765 seconds


Processing entry 88000000 out of 93407205; 94.2111%
Number of Jets in this event: 0
Total jets processed so far: 50249466
Events that passed cuts so far: 31483849
Current memory usage: 304.648 MB (+58.5977 MB from start)
Time elapsed: 773 seconds


Processing entry 89000000 out of 93407205; 95.2817%
Number of Jets in this event: 0
Total jets processed so far: 50883466
Events that passed cuts so far: 31850365
Current memory usage: 304.648 MB (+58.5977 MB from start)
Time elapsed: 782 seconds


Processing entry 90000000 out of 93407205; 96.3523%
Number of Jets in this event: 0
Total jets processed so far: 51495900
Events that passed cuts so far: 32249937
Current memory usage: 304.695 MB (+58.6445 MB from start)
Time elapsed: 791 seconds


Processing entry 91000000 out of 93407205; 97.4229%
Number of Jets in this event: 0
Total jets processed so far: 52089551
Events that passed cuts so far: 32674085
Current memory usage: 304.695 MB (+58.6445 MB from start)
Time elapsed: 800 seconds


Processing entry 92000000 out of 93407205; 98.4935%
Number of Jets in this event: 0
Total jets processed so far: 52669676
Events that passed cuts so far: 33090398
Current memory usage: 304.695 MB (+58.6445 MB from start)
Time elapsed: 808 seconds


Processing entry 93000000 out of 93407205; 99.564%
Number of Jets in this event: 0
Total jets processed so far: 53243554
Events that passed cuts so far: 33499969
Current memory usage: 304.695 MB (+58.6445 MB from start)
Time elapsed: 817 seconds


=== PROCESSING SUMMARY ===
Events before cuts: 93407205
Events after cuts: 33666208
Event cut efficiency: 36.0424%
Jets before selection: 45257624
Total jets processed: 53474649
=========================

=== TIMING SUMMARY ===
Total processing time (H:M:S): 0h 13m 41.29s
Events processed per second: 113733 Hz
Average time per event: 0.00879256 ms
=======================

=== MEMORY SUMMARY ===
Peak memory usage: 304.695 MB
Memory cleanup completed.
=======================
(int) 0
